C:\Users\Tor\Downloads\SPA-kunde-angular\SPA-kunde-ng2-1\SPA-kunde-ng2-1\app\Kunde.js
C:\Users\Tor\Downloads\SPA-kunde-angular\SPA-kunde-ng2-1\SPA-kunde-ng2-1\app\Kunde.js.map
C:\Users\Tor\Downloads\SPA-kunde-angular\SPA-kunde-ng2-1\SPA-kunde-ng2-1\app\SPA.js
C:\Users\Tor\Downloads\SPA-kunde-angular\SPA-kunde-ng2-1\SPA-kunde-ng2-1\app\SPA.js.map
C:\Users\Tor\Downloads\SPA-kunde-angular\SPA-kunde-ng2-1\SPA-kunde-ng2-1\app\app.module.js
C:\Users\Tor\Downloads\SPA-kunde-angular\SPA-kunde-ng2-1\SPA-kunde-ng2-1\app\app.module.js.map
C:\Users\Tor\Downloads\SPA-kunde-angular\SPA-kunde-ng2-1\SPA-kunde-ng2-1\app\main.js
C:\Users\Tor\Downloads\SPA-kunde-angular\SPA-kunde-ng2-1\SPA-kunde-ng2-1\app\main.js.map
C:\Users\Tor\Downloads\SPA-kunde-angular\SPA-kunde-ng2-1\SPA-kunde-ng2-1\app\Kunde.js
C:\Users\Tor\Downloads\SPA-kunde-angular\SPA-kunde-ng2-1\SPA-kunde-ng2-1\app\Kunde.js.map
C:\Users\Tor\Downloads\SPA-kunde-angular\SPA-kunde-ng2-1\SPA-kunde-ng2-1\app\SPA.js
C:\Users\Tor\Downloads\SPA-kunde-angular\SPA-kunde-ng2-1\SPA-kunde-ng2-1\app\SPA.js.map
C:\Users\Tor\Downloads\SPA-kunde-angular\SPA-kunde-ng2-1\SPA-kunde-ng2-1\app\app.module.js
C:\Users\Tor\Downloads\SPA-kunde-angular\SPA-kunde-ng2-1\SPA-kunde-ng2-1\app\app.module.js.map
C:\Users\Tor\Downloads\SPA-kunde-angular\SPA-kunde-ng2-1\SPA-kunde-ng2-1\app\main.js
C:\Users\Tor\Downloads\SPA-kunde-angular\SPA-kunde-ng2-1\SPA-kunde-ng2-1\app\main.js.map
C:\Users\Tor\Downloads\SPA-kunde-angular\SPA-kunde-ng2-1\SPA-kunde-ng2-1\app\Kunde.js
C:\Users\Tor\Downloads\SPA-kunde-angular\SPA-kunde-ng2-1\SPA-kunde-ng2-1\app\Kunde.js.map
C:\Users\Tor\Downloads\SPA-kunde-angular\SPA-kunde-ng2-1\SPA-kunde-ng2-1\app\SPA.js
C:\Users\Tor\Downloads\SPA-kunde-angular\SPA-kunde-ng2-1\SPA-kunde-ng2-1\app\SPA.js.map
C:\Users\Tor\Downloads\SPA-kunde-angular\SPA-kunde-ng2-1\SPA-kunde-ng2-1\app\app.module.js
C:\Users\Tor\Downloads\SPA-kunde-angular\SPA-kunde-ng2-1\SPA-kunde-ng2-1\app\app.module.js.map
C:\Users\Tor\Downloads\SPA-kunde-angular\SPA-kunde-ng2-1\SPA-kunde-ng2-1\app\main.js
C:\Users\Tor\Downloads\SPA-kunde-angular\SPA-kunde-ng2-1\SPA-kunde-ng2-1\app\main.js.map
C:\Users\Tor\Downloads\SPA-kunde-angular\SPA-kunde-ng2-1\SPA-kunde-ng2-1\app\Kunde.js
C:\Users\Tor\Downloads\SPA-kunde-angular\SPA-kunde-ng2-1\SPA-kunde-ng2-1\app\Kunde.js.map
C:\Users\Tor\Downloads\SPA-kunde-angular\SPA-kunde-ng2-1\SPA-kunde-ng2-1\app\SPA.js
C:\Users\Tor\Downloads\SPA-kunde-angular\SPA-kunde-ng2-1\SPA-kunde-ng2-1\app\SPA.js.map
C:\Users\Tor\Downloads\SPA-kunde-angular\SPA-kunde-ng2-1\SPA-kunde-ng2-1\app\app.module.js
C:\Users\Tor\Downloads\SPA-kunde-angular\SPA-kunde-ng2-1\SPA-kunde-ng2-1\app\app.module.js.map
C:\Users\Tor\Downloads\SPA-kunde-angular\SPA-kunde-ng2-1\SPA-kunde-ng2-1\app\main.js
C:\Users\Tor\Downloads\SPA-kunde-angular\SPA-kunde-ng2-1\SPA-kunde-ng2-1\app\main.js.map
C:\Users\Tor\Downloads\SPA-kunde-angular\SPA-kunde-ng2-1\SPA-kunde-ng2-1\app\Kunde.js
C:\Users\Tor\Downloads\SPA-kunde-angular\SPA-kunde-ng2-1\SPA-kunde-ng2-1\app\Kunde.js.map
C:\Users\Tor\Downloads\SPA-kunde-angular\SPA-kunde-ng2-1\SPA-kunde-ng2-1\app\SPA.js
C:\Users\Tor\Downloads\SPA-kunde-angular\SPA-kunde-ng2-1\SPA-kunde-ng2-1\app\SPA.js.map
C:\Users\Tor\Downloads\SPA-kunde-angular\SPA-kunde-ng2-1\SPA-kunde-ng2-1\app\app.module.js
C:\Users\Tor\Downloads\SPA-kunde-angular\SPA-kunde-ng2-1\SPA-kunde-ng2-1\app\app.module.js.map
C:\Users\Tor\Downloads\SPA-kunde-angular\SPA-kunde-ng2-1\SPA-kunde-ng2-1\app\main.js
C:\Users\Tor\Downloads\SPA-kunde-angular\SPA-kunde-ng2-1\SPA-kunde-ng2-1\app\main.js.map
C:\Users\Tor\Downloads\SPA-kunde-angular\SPA-kunde-ng2-1\SPA-kunde-ng2-1\app\Kunde.js
C:\Users\Tor\Downloads\SPA-kunde-angular\SPA-kunde-ng2-1\SPA-kunde-ng2-1\app\Kunde.js.map
C:\Users\Tor\Downloads\SPA-kunde-angular\SPA-kunde-ng2-1\SPA-kunde-ng2-1\app\SPA.js
C:\Users\Tor\Downloads\SPA-kunde-angular\SPA-kunde-ng2-1\SPA-kunde-ng2-1\app\SPA.js.map
C:\Users\Tor\Downloads\SPA-kunde-angular\SPA-kunde-ng2-1\SPA-kunde-ng2-1\app\app.module.js
C:\Users\Tor\Downloads\SPA-kunde-angular\SPA-kunde-ng2-1\SPA-kunde-ng2-1\app\app.module.js.map
C:\Users\Tor\Downloads\SPA-kunde-angular\SPA-kunde-ng2-1\SPA-kunde-ng2-1\app\main.js
C:\Users\Tor\Downloads\SPA-kunde-angular\SPA-kunde-ng2-1\SPA-kunde-ng2-1\app\main.js.map
C:\Users\Tor\Downloads\SPA-kunde-angular\SPA-kunde-ng2-1\SPA-kunde-ng2-1\app\Kunde.js
C:\Users\Tor\Downloads\SPA-kunde-angular\SPA-kunde-ng2-1\SPA-kunde-ng2-1\app\Kunde.js.map
C:\Users\Tor\Downloads\SPA-kunde-angular\SPA-kunde-ng2-1\SPA-kunde-ng2-1\app\SPA.js
C:\Users\Tor\Downloads\SPA-kunde-angular\SPA-kunde-ng2-1\SPA-kunde-ng2-1\app\SPA.js.map
C:\Users\Tor\Downloads\SPA-kunde-angular\SPA-kunde-ng2-1\SPA-kunde-ng2-1\app\app.module.js
C:\Users\Tor\Downloads\SPA-kunde-angular\SPA-kunde-ng2-1\SPA-kunde-ng2-1\app\app.module.js.map
C:\Users\Tor\Downloads\SPA-kunde-angular\SPA-kunde-ng2-1\SPA-kunde-ng2-1\app\main.js
C:\Users\Tor\Downloads\SPA-kunde-angular\SPA-kunde-ng2-1\SPA-kunde-ng2-1\app\main.js.map
C:\Users\Tor\Downloads\SPA-kunde-angular\SPA-kunde-ng2-1\SPA-kunde-ng2-1\app\Kunde.js
C:\Users\Tor\Downloads\SPA-kunde-angular\SPA-kunde-ng2-1\SPA-kunde-ng2-1\app\Kunde.js.map
C:\Users\Tor\Downloads\SPA-kunde-angular\SPA-kunde-ng2-1\SPA-kunde-ng2-1\app\SPA.js
C:\Users\Tor\Downloads\SPA-kunde-angular\SPA-kunde-ng2-1\SPA-kunde-ng2-1\app\SPA.js.map
C:\Users\Tor\Downloads\SPA-kunde-angular\SPA-kunde-ng2-1\SPA-kunde-ng2-1\app\app.module.js
C:\Users\Tor\Downloads\SPA-kunde-angular\SPA-kunde-ng2-1\SPA-kunde-ng2-1\app\app.module.js.map
C:\Users\Tor\Downloads\SPA-kunde-angular\SPA-kunde-ng2-1\SPA-kunde-ng2-1\app\main.js
C:\Users\Tor\Downloads\SPA-kunde-angular\SPA-kunde-ng2-1\SPA-kunde-ng2-1\app\main.js.map
C:\Users\Tor\Downloads\SPA-kunde-angular\SPA-kunde-ng2-1\SPA-kunde-ng2-1\app\Kunde.js
C:\Users\Tor\Downloads\SPA-kunde-angular\SPA-kunde-ng2-1\SPA-kunde-ng2-1\app\Kunde.js.map
C:\Users\Tor\Downloads\SPA-kunde-angular\SPA-kunde-ng2-1\SPA-kunde-ng2-1\app\SPA.js
C:\Users\Tor\Downloads\SPA-kunde-angular\SPA-kunde-ng2-1\SPA-kunde-ng2-1\app\SPA.js.map
C:\Users\Tor\Downloads\SPA-kunde-angular\SPA-kunde-ng2-1\SPA-kunde-ng2-1\app\app.module.js
C:\Users\Tor\Downloads\SPA-kunde-angular\SPA-kunde-ng2-1\SPA-kunde-ng2-1\app\app.module.js.map
C:\Users\Tor\Downloads\SPA-kunde-angular\SPA-kunde-ng2-1\SPA-kunde-ng2-1\app\main.js
C:\Users\Tor\Downloads\SPA-kunde-angular\SPA-kunde-ng2-1\SPA-kunde-ng2-1\app\main.js.map
C:\Users\Tor\Downloads\SPA-kunde-angular\SPA-kunde-ng2-1\SPA-kunde-ng2-1\app\Kunde.js
C:\Users\Tor\Downloads\SPA-kunde-angular\SPA-kunde-ng2-1\SPA-kunde-ng2-1\app\Kunde.js.map
C:\Users\Tor\Downloads\SPA-kunde-angular\SPA-kunde-ng2-1\SPA-kunde-ng2-1\app\SPA.js
C:\Users\Tor\Downloads\SPA-kunde-angular\SPA-kunde-ng2-1\SPA-kunde-ng2-1\app\SPA.js.map
C:\Users\Tor\Downloads\SPA-kunde-angular\SPA-kunde-ng2-1\SPA-kunde-ng2-1\app\app.module.js
C:\Users\Tor\Downloads\SPA-kunde-angular\SPA-kunde-ng2-1\SPA-kunde-ng2-1\app\app.module.js.map
C:\Users\Tor\Downloads\SPA-kunde-angular\SPA-kunde-ng2-1\SPA-kunde-ng2-1\app\main.js
C:\Users\Tor\Downloads\SPA-kunde-angular\SPA-kunde-ng2-1\SPA-kunde-ng2-1\app\main.js.map
C:\Users\Tor\Downloads\SPA-kunde-angular\SPA-kunde-ng2-1\SPA-kunde-ng2-1\app\Kunde.js
C:\Users\Tor\Downloads\SPA-kunde-angular\SPA-kunde-ng2-1\SPA-kunde-ng2-1\app\Kunde.js.map
C:\Users\Tor\Downloads\SPA-kunde-angular\SPA-kunde-ng2-1\SPA-kunde-ng2-1\app\SPA.js
C:\Users\Tor\Downloads\SPA-kunde-angular\SPA-kunde-ng2-1\SPA-kunde-ng2-1\app\SPA.js.map
C:\Users\Tor\Downloads\SPA-kunde-angular\SPA-kunde-ng2-1\SPA-kunde-ng2-1\app\app.module.js
C:\Users\Tor\Downloads\SPA-kunde-angular\SPA-kunde-ng2-1\SPA-kunde-ng2-1\app\app.module.js.map
C:\Users\Tor\Downloads\SPA-kunde-angular\SPA-kunde-ng2-1\SPA-kunde-ng2-1\app\main.js
C:\Users\Tor\Downloads\SPA-kunde-angular\SPA-kunde-ng2-1\SPA-kunde-ng2-1\app\main.js.map
C:\Users\Tor\Downloads\SPA-kunde-angular\SPA-kunde-ng2-1\SPA-kunde-ng2-1\app\Kunde.js
C:\Users\Tor\Downloads\SPA-kunde-angular\SPA-kunde-ng2-1\SPA-kunde-ng2-1\app\Kunde.js.map
C:\Users\Tor\Downloads\SPA-kunde-angular\SPA-kunde-ng2-1\SPA-kunde-ng2-1\app\SPA.js
C:\Users\Tor\Downloads\SPA-kunde-angular\SPA-kunde-ng2-1\SPA-kunde-ng2-1\app\SPA.js.map
C:\Users\Tor\Downloads\SPA-kunde-angular\SPA-kunde-ng2-1\SPA-kunde-ng2-1\app\app.module.js
C:\Users\Tor\Downloads\SPA-kunde-angular\SPA-kunde-ng2-1\SPA-kunde-ng2-1\app\app.module.js.map
C:\Users\Tor\Downloads\SPA-kunde-angular\SPA-kunde-ng2-1\SPA-kunde-ng2-1\app\main.js
C:\Users\Tor\Downloads\SPA-kunde-angular\SPA-kunde-ng2-1\SPA-kunde-ng2-1\app\main.js.map
C:\Users\Tor\Downloads\SPA-kunde-angular\SPA-kunde-ng2-1\SPA-kunde-ng2-1\app\Kunde.js
C:\Users\Tor\Downloads\SPA-kunde-angular\SPA-kunde-ng2-1\SPA-kunde-ng2-1\app\Kunde.js.map
C:\Users\Tor\Downloads\SPA-kunde-angular\SPA-kunde-ng2-1\SPA-kunde-ng2-1\app\SPA.js
C:\Users\Tor\Downloads\SPA-kunde-angular\SPA-kunde-ng2-1\SPA-kunde-ng2-1\app\SPA.js.map
C:\Users\Tor\Downloads\SPA-kunde-angular\SPA-kunde-ng2-1\SPA-kunde-ng2-1\app\app.module.js
C:\Users\Tor\Downloads\SPA-kunde-angular\SPA-kunde-ng2-1\SPA-kunde-ng2-1\app\app.module.js.map
C:\Users\Tor\Downloads\SPA-kunde-angular\SPA-kunde-ng2-1\SPA-kunde-ng2-1\app\main.js
C:\Users\Tor\Downloads\SPA-kunde-angular\SPA-kunde-ng2-1\SPA-kunde-ng2-1\app\main.js.map
C:\Users\sondr\OneDrive\Dokumenter\HIOA\WebApp\SPA-kunde-ng2-1\SPA-kunde-ng2-1\SPA-kunde-ng2-1\app\Kunde.js
C:\Users\sondr\OneDrive\Dokumenter\HIOA\WebApp\SPA-kunde-ng2-1\SPA-kunde-ng2-1\SPA-kunde-ng2-1\app\Kunde.js.map
C:\Users\sondr\OneDrive\Dokumenter\HIOA\WebApp\SPA-kunde-ng2-1\SPA-kunde-ng2-1\SPA-kunde-ng2-1\app\SPA.js
C:\Users\sondr\OneDrive\Dokumenter\HIOA\WebApp\SPA-kunde-ng2-1\SPA-kunde-ng2-1\SPA-kunde-ng2-1\app\SPA.js.map
C:\Users\sondr\OneDrive\Dokumenter\HIOA\WebApp\SPA-kunde-ng2-1\SPA-kunde-ng2-1\SPA-kunde-ng2-1\app\app.module.js
C:\Users\sondr\OneDrive\Dokumenter\HIOA\WebApp\SPA-kunde-ng2-1\SPA-kunde-ng2-1\SPA-kunde-ng2-1\app\app.module.js.map
C:\Users\sondr\OneDrive\Dokumenter\HIOA\WebApp\SPA-kunde-ng2-1\SPA-kunde-ng2-1\SPA-kunde-ng2-1\app\main.js
C:\Users\sondr\OneDrive\Dokumenter\HIOA\WebApp\SPA-kunde-ng2-1\SPA-kunde-ng2-1\SPA-kunde-ng2-1\app\main.js.map
C:\Users\sondr\OneDrive\Dokumenter\HIOA\WebApp\SPA-kunde-ng2-1\SPA-kunde-ng2-1\SPA-kunde-ng2-1\app\Kunde.js
C:\Users\sondr\OneDrive\Dokumenter\HIOA\WebApp\SPA-kunde-ng2-1\SPA-kunde-ng2-1\SPA-kunde-ng2-1\app\Kunde.js.map
C:\Users\sondr\OneDrive\Dokumenter\HIOA\WebApp\SPA-kunde-ng2-1\SPA-kunde-ng2-1\SPA-kunde-ng2-1\app\SPA.js
C:\Users\sondr\OneDrive\Dokumenter\HIOA\WebApp\SPA-kunde-ng2-1\SPA-kunde-ng2-1\SPA-kunde-ng2-1\app\SPA.js.map
C:\Users\sondr\OneDrive\Dokumenter\HIOA\WebApp\SPA-kunde-ng2-1\SPA-kunde-ng2-1\SPA-kunde-ng2-1\app\app.module.js
C:\Users\sondr\OneDrive\Dokumenter\HIOA\WebApp\SPA-kunde-ng2-1\SPA-kunde-ng2-1\SPA-kunde-ng2-1\app\app.module.js.map
C:\Users\sondr\OneDrive\Dokumenter\HIOA\WebApp\SPA-kunde-ng2-1\SPA-kunde-ng2-1\SPA-kunde-ng2-1\app\main.js
C:\Users\sondr\OneDrive\Dokumenter\HIOA\WebApp\SPA-kunde-ng2-1\SPA-kunde-ng2-1\SPA-kunde-ng2-1\app\main.js.map
C:\Users\sondr\OneDrive\Dokumenter\HIOA\WebApp\SPA-kunde-ng2-1\SPA-kunde-ng2-1\SPA-kunde-ng2-1\app\Kunde.js
C:\Users\sondr\OneDrive\Dokumenter\HIOA\WebApp\SPA-kunde-ng2-1\SPA-kunde-ng2-1\SPA-kunde-ng2-1\app\Kunde.js.map
C:\Users\sondr\OneDrive\Dokumenter\HIOA\WebApp\SPA-kunde-ng2-1\SPA-kunde-ng2-1\SPA-kunde-ng2-1\app\TestComponent.js
C:\Users\sondr\OneDrive\Dokumenter\HIOA\WebApp\SPA-kunde-ng2-1\SPA-kunde-ng2-1\SPA-kunde-ng2-1\app\TestComponent.js.map
C:\Users\sondr\OneDrive\Dokumenter\HIOA\WebApp\SPA-kunde-ng2-1\SPA-kunde-ng2-1\SPA-kunde-ng2-1\app\SPA.js
C:\Users\sondr\OneDrive\Dokumenter\HIOA\WebApp\SPA-kunde-ng2-1\SPA-kunde-ng2-1\SPA-kunde-ng2-1\app\SPA.js.map
C:\Users\sondr\OneDrive\Dokumenter\HIOA\WebApp\SPA-kunde-ng2-1\SPA-kunde-ng2-1\SPA-kunde-ng2-1\app\app.module.js
C:\Users\sondr\OneDrive\Dokumenter\HIOA\WebApp\SPA-kunde-ng2-1\SPA-kunde-ng2-1\SPA-kunde-ng2-1\app\app.module.js.map
C:\Users\sondr\OneDrive\Dokumenter\HIOA\WebApp\SPA-kunde-ng2-1\SPA-kunde-ng2-1\SPA-kunde-ng2-1\app\main.js
C:\Users\sondr\OneDrive\Dokumenter\HIOA\WebApp\SPA-kunde-ng2-1\SPA-kunde-ng2-1\SPA-kunde-ng2-1\app\main.js.map
C:\Users\sondr\OneDrive\Dokumenter\HIOA\WebApp\SPA-kunde-ng2-1\SPA-kunde-ng2-1\SPA-kunde-ng2-1\app\Kunde.js
C:\Users\sondr\OneDrive\Dokumenter\HIOA\WebApp\SPA-kunde-ng2-1\SPA-kunde-ng2-1\SPA-kunde-ng2-1\app\Kunde.js.map
C:\Users\sondr\OneDrive\Dokumenter\HIOA\WebApp\SPA-kunde-ng2-1\SPA-kunde-ng2-1\SPA-kunde-ng2-1\app\TestComponent.js
C:\Users\sondr\OneDrive\Dokumenter\HIOA\WebApp\SPA-kunde-ng2-1\SPA-kunde-ng2-1\SPA-kunde-ng2-1\app\TestComponent.js.map
C:\Users\sondr\OneDrive\Dokumenter\HIOA\WebApp\SPA-kunde-ng2-1\SPA-kunde-ng2-1\SPA-kunde-ng2-1\app\SPA.js
C:\Users\sondr\OneDrive\Dokumenter\HIOA\WebApp\SPA-kunde-ng2-1\SPA-kunde-ng2-1\SPA-kunde-ng2-1\app\SPA.js.map
C:\Users\sondr\OneDrive\Dokumenter\HIOA\WebApp\SPA-kunde-ng2-1\SPA-kunde-ng2-1\SPA-kunde-ng2-1\app\app.module.js
C:\Users\sondr\OneDrive\Dokumenter\HIOA\WebApp\SPA-kunde-ng2-1\SPA-kunde-ng2-1\SPA-kunde-ng2-1\app\app.module.js.map
C:\Users\sondr\OneDrive\Dokumenter\HIOA\WebApp\SPA-kunde-ng2-1\SPA-kunde-ng2-1\SPA-kunde-ng2-1\app\main.js
C:\Users\sondr\OneDrive\Dokumenter\HIOA\WebApp\SPA-kunde-ng2-1\SPA-kunde-ng2-1\SPA-kunde-ng2-1\app\main.js.map
C:\Users\sondr\OneDrive\Dokumenter\HIOA\WebApp\SPA-kunde-ng2-1\SPA-kunde-ng2-1\SPA-kunde-ng2-1\app\Kunde.js
C:\Users\sondr\OneDrive\Dokumenter\HIOA\WebApp\SPA-kunde-ng2-1\SPA-kunde-ng2-1\SPA-kunde-ng2-1\app\Kunde.js.map
C:\Users\sondr\OneDrive\Dokumenter\HIOA\WebApp\SPA-kunde-ng2-1\SPA-kunde-ng2-1\SPA-kunde-ng2-1\app\TestComponent.js
C:\Users\sondr\OneDrive\Dokumenter\HIOA\WebApp\SPA-kunde-ng2-1\SPA-kunde-ng2-1\SPA-kunde-ng2-1\app\TestComponent.js.map
C:\Users\sondr\OneDrive\Dokumenter\HIOA\WebApp\SPA-kunde-ng2-1\SPA-kunde-ng2-1\SPA-kunde-ng2-1\app\SPA.js
C:\Users\sondr\OneDrive\Dokumenter\HIOA\WebApp\SPA-kunde-ng2-1\SPA-kunde-ng2-1\SPA-kunde-ng2-1\app\SPA.js.map
C:\Users\sondr\OneDrive\Dokumenter\HIOA\WebApp\SPA-kunde-ng2-1\SPA-kunde-ng2-1\SPA-kunde-ng2-1\app\Question.js
C:\Users\sondr\OneDrive\Dokumenter\HIOA\WebApp\SPA-kunde-ng2-1\SPA-kunde-ng2-1\SPA-kunde-ng2-1\app\Question.js.map
C:\Users\sondr\OneDrive\Dokumenter\HIOA\WebApp\SPA-kunde-ng2-1\SPA-kunde-ng2-1\SPA-kunde-ng2-1\app\showQuestions.component.js
C:\Users\sondr\OneDrive\Dokumenter\HIOA\WebApp\SPA-kunde-ng2-1\SPA-kunde-ng2-1\SPA-kunde-ng2-1\app\showQuestions.component.js.map
C:\Users\sondr\OneDrive\Dokumenter\HIOA\WebApp\SPA-kunde-ng2-1\SPA-kunde-ng2-1\SPA-kunde-ng2-1\app\app.module.js
C:\Users\sondr\OneDrive\Dokumenter\HIOA\WebApp\SPA-kunde-ng2-1\SPA-kunde-ng2-1\SPA-kunde-ng2-1\app\app.module.js.map
C:\Users\sondr\OneDrive\Dokumenter\HIOA\WebApp\SPA-kunde-ng2-1\SPA-kunde-ng2-1\SPA-kunde-ng2-1\app\main.js
C:\Users\sondr\OneDrive\Dokumenter\HIOA\WebApp\SPA-kunde-ng2-1\SPA-kunde-ng2-1\SPA-kunde-ng2-1\app\main.js.map
C:\Users\sondr\OneDrive\Dokumenter\HIOA\WebApp\SPA-kunde-ng2-1\SPA-kunde-ng2-1\SPA-kunde-ng2-1\app\Kunde.js
C:\Users\sondr\OneDrive\Dokumenter\HIOA\WebApp\SPA-kunde-ng2-1\SPA-kunde-ng2-1\SPA-kunde-ng2-1\app\Kunde.js.map
C:\Users\sondr\OneDrive\Dokumenter\HIOA\WebApp\SPA-kunde-ng2-1\SPA-kunde-ng2-1\SPA-kunde-ng2-1\app\TestComponent.js
C:\Users\sondr\OneDrive\Dokumenter\HIOA\WebApp\SPA-kunde-ng2-1\SPA-kunde-ng2-1\SPA-kunde-ng2-1\app\TestComponent.js.map
C:\Users\sondr\OneDrive\Dokumenter\HIOA\WebApp\SPA-kunde-ng2-1\SPA-kunde-ng2-1\SPA-kunde-ng2-1\app\SPA.js
C:\Users\sondr\OneDrive\Dokumenter\HIOA\WebApp\SPA-kunde-ng2-1\SPA-kunde-ng2-1\SPA-kunde-ng2-1\app\SPA.js.map
C:\Users\sondr\OneDrive\Dokumenter\HIOA\WebApp\SPA-kunde-ng2-1\SPA-kunde-ng2-1\SPA-kunde-ng2-1\app\Question.js
C:\Users\sondr\OneDrive\Dokumenter\HIOA\WebApp\SPA-kunde-ng2-1\SPA-kunde-ng2-1\SPA-kunde-ng2-1\app\Question.js.map
C:\Users\sondr\OneDrive\Dokumenter\HIOA\WebApp\SPA-kunde-ng2-1\SPA-kunde-ng2-1\SPA-kunde-ng2-1\app\showQuestions.component.js
C:\Users\sondr\OneDrive\Dokumenter\HIOA\WebApp\SPA-kunde-ng2-1\SPA-kunde-ng2-1\SPA-kunde-ng2-1\app\showQuestions.component.js.map
C:\Users\sondr\OneDrive\Dokumenter\HIOA\WebApp\SPA-kunde-ng2-1\SPA-kunde-ng2-1\SPA-kunde-ng2-1\app\app.module.js
C:\Users\sondr\OneDrive\Dokumenter\HIOA\WebApp\SPA-kunde-ng2-1\SPA-kunde-ng2-1\SPA-kunde-ng2-1\app\app.module.js.map
C:\Users\sondr\OneDrive\Dokumenter\HIOA\WebApp\SPA-kunde-ng2-1\SPA-kunde-ng2-1\SPA-kunde-ng2-1\app\main.js
C:\Users\sondr\OneDrive\Dokumenter\HIOA\WebApp\SPA-kunde-ng2-1\SPA-kunde-ng2-1\SPA-kunde-ng2-1\app\main.js.map
C:\Users\sondr\OneDrive\Dokumenter\HIOA\WebApp\SPA-kunde-ng2-1\SPA-kunde-ng2-1\SPA-kunde-ng2-1\app\Question.js
C:\Users\sondr\OneDrive\Dokumenter\HIOA\WebApp\SPA-kunde-ng2-1\SPA-kunde-ng2-1\SPA-kunde-ng2-1\app\Question.js.map
C:\Users\sondr\OneDrive\Dokumenter\HIOA\WebApp\SPA-kunde-ng2-1\SPA-kunde-ng2-1\SPA-kunde-ng2-1\app\addQuestion.component.js
C:\Users\sondr\OneDrive\Dokumenter\HIOA\WebApp\SPA-kunde-ng2-1\SPA-kunde-ng2-1\SPA-kunde-ng2-1\app\addQuestion.component.js.map
C:\Users\sondr\OneDrive\Dokumenter\HIOA\WebApp\SPA-kunde-ng2-1\SPA-kunde-ng2-1\SPA-kunde-ng2-1\app\Kunde.js
C:\Users\sondr\OneDrive\Dokumenter\HIOA\WebApp\SPA-kunde-ng2-1\SPA-kunde-ng2-1\SPA-kunde-ng2-1\app\Kunde.js.map
C:\Users\sondr\OneDrive\Dokumenter\HIOA\WebApp\SPA-kunde-ng2-1\SPA-kunde-ng2-1\SPA-kunde-ng2-1\app\TestComponent.js
C:\Users\sondr\OneDrive\Dokumenter\HIOA\WebApp\SPA-kunde-ng2-1\SPA-kunde-ng2-1\SPA-kunde-ng2-1\app\TestComponent.js.map
C:\Users\sondr\OneDrive\Dokumenter\HIOA\WebApp\SPA-kunde-ng2-1\SPA-kunde-ng2-1\SPA-kunde-ng2-1\app\SPA.js
C:\Users\sondr\OneDrive\Dokumenter\HIOA\WebApp\SPA-kunde-ng2-1\SPA-kunde-ng2-1\SPA-kunde-ng2-1\app\SPA.js.map
C:\Users\sondr\OneDrive\Dokumenter\HIOA\WebApp\SPA-kunde-ng2-1\SPA-kunde-ng2-1\SPA-kunde-ng2-1\app\showQuestions.component.js
C:\Users\sondr\OneDrive\Dokumenter\HIOA\WebApp\SPA-kunde-ng2-1\SPA-kunde-ng2-1\SPA-kunde-ng2-1\app\showQuestions.component.js.map
C:\Users\sondr\OneDrive\Dokumenter\HIOA\WebApp\SPA-kunde-ng2-1\SPA-kunde-ng2-1\SPA-kunde-ng2-1\app\app.module.js
C:\Users\sondr\OneDrive\Dokumenter\HIOA\WebApp\SPA-kunde-ng2-1\SPA-kunde-ng2-1\SPA-kunde-ng2-1\app\app.module.js.map
C:\Users\sondr\OneDrive\Dokumenter\HIOA\WebApp\SPA-kunde-ng2-1\SPA-kunde-ng2-1\SPA-kunde-ng2-1\app\main.js
C:\Users\sondr\OneDrive\Dokumenter\HIOA\WebApp\SPA-kunde-ng2-1\SPA-kunde-ng2-1\SPA-kunde-ng2-1\app\main.js.map
C:\Users\sondr\OneDrive\Dokumenter\HIOA\WebApp\SPA-kunde-ng2-1\SPA-kunde-ng2-1\SPA-kunde-ng2-1\app\Question.js
C:\Users\sondr\OneDrive\Dokumenter\HIOA\WebApp\SPA-kunde-ng2-1\SPA-kunde-ng2-1\SPA-kunde-ng2-1\app\Question.js.map
C:\Users\sondr\OneDrive\Dokumenter\HIOA\WebApp\SPA-kunde-ng2-1\SPA-kunde-ng2-1\SPA-kunde-ng2-1\app\addQuestion.component.js
C:\Users\sondr\OneDrive\Dokumenter\HIOA\WebApp\SPA-kunde-ng2-1\SPA-kunde-ng2-1\SPA-kunde-ng2-1\app\addQuestion.component.js.map
C:\Users\sondr\OneDrive\Dokumenter\HIOA\WebApp\SPA-kunde-ng2-1\SPA-kunde-ng2-1\SPA-kunde-ng2-1\app\Kunde.js
C:\Users\sondr\OneDrive\Dokumenter\HIOA\WebApp\SPA-kunde-ng2-1\SPA-kunde-ng2-1\SPA-kunde-ng2-1\app\Kunde.js.map
C:\Users\sondr\OneDrive\Dokumenter\HIOA\WebApp\SPA-kunde-ng2-1\SPA-kunde-ng2-1\SPA-kunde-ng2-1\app\TestComponent.js
C:\Users\sondr\OneDrive\Dokumenter\HIOA\WebApp\SPA-kunde-ng2-1\SPA-kunde-ng2-1\SPA-kunde-ng2-1\app\TestComponent.js.map
C:\Users\sondr\OneDrive\Dokumenter\HIOA\WebApp\SPA-kunde-ng2-1\SPA-kunde-ng2-1\SPA-kunde-ng2-1\app\SPA.js
C:\Users\sondr\OneDrive\Dokumenter\HIOA\WebApp\SPA-kunde-ng2-1\SPA-kunde-ng2-1\SPA-kunde-ng2-1\app\SPA.js.map
C:\Users\sondr\OneDrive\Dokumenter\HIOA\WebApp\SPA-kunde-ng2-1\SPA-kunde-ng2-1\SPA-kunde-ng2-1\app\showQuestions.component.js
C:\Users\sondr\OneDrive\Dokumenter\HIOA\WebApp\SPA-kunde-ng2-1\SPA-kunde-ng2-1\SPA-kunde-ng2-1\app\showQuestions.component.js.map
C:\Users\sondr\OneDrive\Dokumenter\HIOA\WebApp\SPA-kunde-ng2-1\SPA-kunde-ng2-1\SPA-kunde-ng2-1\app\app.module.js
C:\Users\sondr\OneDrive\Dokumenter\HIOA\WebApp\SPA-kunde-ng2-1\SPA-kunde-ng2-1\SPA-kunde-ng2-1\app\app.module.js.map
C:\Users\sondr\OneDrive\Dokumenter\HIOA\WebApp\SPA-kunde-ng2-1\SPA-kunde-ng2-1\SPA-kunde-ng2-1\app\main.js
C:\Users\sondr\OneDrive\Dokumenter\HIOA\WebApp\SPA-kunde-ng2-1\SPA-kunde-ng2-1\SPA-kunde-ng2-1\app\main.js.map
C:\Users\sondr\OneDrive\Dokumenter\HIOA\WebApp\SPA-kunde-ng2-1\SPA-kunde-ng2-1\SPA-kunde-ng2-1\app\Question.js
C:\Users\sondr\OneDrive\Dokumenter\HIOA\WebApp\SPA-kunde-ng2-1\SPA-kunde-ng2-1\SPA-kunde-ng2-1\app\Question.js.map
C:\Users\sondr\OneDrive\Dokumenter\HIOA\WebApp\SPA-kunde-ng2-1\SPA-kunde-ng2-1\SPA-kunde-ng2-1\app\addQuestion.component.js
C:\Users\sondr\OneDrive\Dokumenter\HIOA\WebApp\SPA-kunde-ng2-1\SPA-kunde-ng2-1\SPA-kunde-ng2-1\app\addQuestion.component.js.map
C:\Users\sondr\OneDrive\Dokumenter\HIOA\WebApp\SPA-kunde-ng2-1\SPA-kunde-ng2-1\SPA-kunde-ng2-1\app\Kunde.js
C:\Users\sondr\OneDrive\Dokumenter\HIOA\WebApp\SPA-kunde-ng2-1\SPA-kunde-ng2-1\SPA-kunde-ng2-1\app\Kunde.js.map
C:\Users\sondr\OneDrive\Dokumenter\HIOA\WebApp\SPA-kunde-ng2-1\SPA-kunde-ng2-1\SPA-kunde-ng2-1\app\TestComponent.js
C:\Users\sondr\OneDrive\Dokumenter\HIOA\WebApp\SPA-kunde-ng2-1\SPA-kunde-ng2-1\SPA-kunde-ng2-1\app\TestComponent.js.map
C:\Users\sondr\OneDrive\Dokumenter\HIOA\WebApp\SPA-kunde-ng2-1\SPA-kunde-ng2-1\SPA-kunde-ng2-1\app\SPA.js
C:\Users\sondr\OneDrive\Dokumenter\HIOA\WebApp\SPA-kunde-ng2-1\SPA-kunde-ng2-1\SPA-kunde-ng2-1\app\SPA.js.map
C:\Users\sondr\OneDrive\Dokumenter\HIOA\WebApp\SPA-kunde-ng2-1\SPA-kunde-ng2-1\SPA-kunde-ng2-1\app\showQuestions.component.js
C:\Users\sondr\OneDrive\Dokumenter\HIOA\WebApp\SPA-kunde-ng2-1\SPA-kunde-ng2-1\SPA-kunde-ng2-1\app\showQuestions.component.js.map
C:\Users\sondr\OneDrive\Dokumenter\HIOA\WebApp\SPA-kunde-ng2-1\SPA-kunde-ng2-1\SPA-kunde-ng2-1\app\mainSPA.js
C:\Users\sondr\OneDrive\Dokumenter\HIOA\WebApp\SPA-kunde-ng2-1\SPA-kunde-ng2-1\SPA-kunde-ng2-1\app\mainSPA.js.map
C:\Users\sondr\OneDrive\Dokumenter\HIOA\WebApp\SPA-kunde-ng2-1\SPA-kunde-ng2-1\SPA-kunde-ng2-1\app\app.module.js
C:\Users\sondr\OneDrive\Dokumenter\HIOA\WebApp\SPA-kunde-ng2-1\SPA-kunde-ng2-1\SPA-kunde-ng2-1\app\app.module.js.map
C:\Users\sondr\OneDrive\Dokumenter\HIOA\WebApp\SPA-kunde-ng2-1\SPA-kunde-ng2-1\SPA-kunde-ng2-1\app\main.js
C:\Users\sondr\OneDrive\Dokumenter\HIOA\WebApp\SPA-kunde-ng2-1\SPA-kunde-ng2-1\SPA-kunde-ng2-1\app\main.js.map
C:\Users\sondr\OneDrive\Dokumenter\HIOA\WebApp\SPA-kunde-ng2-1\SPA-kunde-ng2-1\SPA-kunde-ng2-1\app\Question.js
C:\Users\sondr\OneDrive\Dokumenter\HIOA\WebApp\SPA-kunde-ng2-1\SPA-kunde-ng2-1\SPA-kunde-ng2-1\app\Question.js.map
C:\Users\sondr\OneDrive\Dokumenter\HIOA\WebApp\SPA-kunde-ng2-1\SPA-kunde-ng2-1\SPA-kunde-ng2-1\app\addQuestion.component.js
C:\Users\sondr\OneDrive\Dokumenter\HIOA\WebApp\SPA-kunde-ng2-1\SPA-kunde-ng2-1\SPA-kunde-ng2-1\app\addQuestion.component.js.map
C:\Users\sondr\OneDrive\Dokumenter\HIOA\WebApp\SPA-kunde-ng2-1\SPA-kunde-ng2-1\SPA-kunde-ng2-1\app\Kunde.js
C:\Users\sondr\OneDrive\Dokumenter\HIOA\WebApp\SPA-kunde-ng2-1\SPA-kunde-ng2-1\SPA-kunde-ng2-1\app\Kunde.js.map
C:\Users\sondr\OneDrive\Dokumenter\HIOA\WebApp\SPA-kunde-ng2-1\SPA-kunde-ng2-1\SPA-kunde-ng2-1\app\TestComponent.js
C:\Users\sondr\OneDrive\Dokumenter\HIOA\WebApp\SPA-kunde-ng2-1\SPA-kunde-ng2-1\SPA-kunde-ng2-1\app\TestComponent.js.map
C:\Users\sondr\OneDrive\Dokumenter\HIOA\WebApp\SPA-kunde-ng2-1\SPA-kunde-ng2-1\SPA-kunde-ng2-1\app\SPA.js
C:\Users\sondr\OneDrive\Dokumenter\HIOA\WebApp\SPA-kunde-ng2-1\SPA-kunde-ng2-1\SPA-kunde-ng2-1\app\SPA.js.map
C:\Users\sondr\OneDrive\Dokumenter\HIOA\WebApp\SPA-kunde-ng2-1\SPA-kunde-ng2-1\SPA-kunde-ng2-1\app\showQuestions.component.js
C:\Users\sondr\OneDrive\Dokumenter\HIOA\WebApp\SPA-kunde-ng2-1\SPA-kunde-ng2-1\SPA-kunde-ng2-1\app\showQuestions.component.js.map
C:\Users\sondr\OneDrive\Dokumenter\HIOA\WebApp\SPA-kunde-ng2-1\SPA-kunde-ng2-1\SPA-kunde-ng2-1\app\mainSPA.js
C:\Users\sondr\OneDrive\Dokumenter\HIOA\WebApp\SPA-kunde-ng2-1\SPA-kunde-ng2-1\SPA-kunde-ng2-1\app\mainSPA.js.map
C:\Users\sondr\OneDrive\Dokumenter\HIOA\WebApp\SPA-kunde-ng2-1\SPA-kunde-ng2-1\SPA-kunde-ng2-1\app\app.module.js
C:\Users\sondr\OneDrive\Dokumenter\HIOA\WebApp\SPA-kunde-ng2-1\SPA-kunde-ng2-1\SPA-kunde-ng2-1\app\app.module.js.map
C:\Users\sondr\OneDrive\Dokumenter\HIOA\WebApp\SPA-kunde-ng2-1\SPA-kunde-ng2-1\SPA-kunde-ng2-1\app\main.js
C:\Users\sondr\OneDrive\Dokumenter\HIOA\WebApp\SPA-kunde-ng2-1\SPA-kunde-ng2-1\SPA-kunde-ng2-1\app\main.js.map
C:\Users\sondr\OneDrive\Dokumenter\HIOA\WebApp\SPA-kunde-ng2-1\SPA-kunde-ng2-1\SPA-kunde-ng2-1\app\Question.js
C:\Users\sondr\OneDrive\Dokumenter\HIOA\WebApp\SPA-kunde-ng2-1\SPA-kunde-ng2-1\SPA-kunde-ng2-1\app\Question.js.map
C:\Users\sondr\OneDrive\Dokumenter\HIOA\WebApp\SPA-kunde-ng2-1\SPA-kunde-ng2-1\SPA-kunde-ng2-1\app\addQuestion.component.js
C:\Users\sondr\OneDrive\Dokumenter\HIOA\WebApp\SPA-kunde-ng2-1\SPA-kunde-ng2-1\SPA-kunde-ng2-1\app\addQuestion.component.js.map
C:\Users\sondr\OneDrive\Dokumenter\HIOA\WebApp\SPA-kunde-ng2-1\SPA-kunde-ng2-1\SPA-kunde-ng2-1\app\Kunde.js
C:\Users\sondr\OneDrive\Dokumenter\HIOA\WebApp\SPA-kunde-ng2-1\SPA-kunde-ng2-1\SPA-kunde-ng2-1\app\Kunde.js.map
C:\Users\sondr\OneDrive\Dokumenter\HIOA\WebApp\SPA-kunde-ng2-1\SPA-kunde-ng2-1\SPA-kunde-ng2-1\app\TestComponent.js
C:\Users\sondr\OneDrive\Dokumenter\HIOA\WebApp\SPA-kunde-ng2-1\SPA-kunde-ng2-1\SPA-kunde-ng2-1\app\TestComponent.js.map
C:\Users\sondr\OneDrive\Dokumenter\HIOA\WebApp\SPA-kunde-ng2-1\SPA-kunde-ng2-1\SPA-kunde-ng2-1\app\SPA.js
C:\Users\sondr\OneDrive\Dokumenter\HIOA\WebApp\SPA-kunde-ng2-1\SPA-kunde-ng2-1\SPA-kunde-ng2-1\app\SPA.js.map
C:\Users\sondr\OneDrive\Dokumenter\HIOA\WebApp\SPA-kunde-ng2-1\SPA-kunde-ng2-1\SPA-kunde-ng2-1\app\showQuestions.component.js
C:\Users\sondr\OneDrive\Dokumenter\HIOA\WebApp\SPA-kunde-ng2-1\SPA-kunde-ng2-1\SPA-kunde-ng2-1\app\showQuestions.component.js.map
C:\Users\sondr\OneDrive\Dokumenter\HIOA\WebApp\SPA-kunde-ng2-1\SPA-kunde-ng2-1\SPA-kunde-ng2-1\app\mainSPA.js
C:\Users\sondr\OneDrive\Dokumenter\HIOA\WebApp\SPA-kunde-ng2-1\SPA-kunde-ng2-1\SPA-kunde-ng2-1\app\mainSPA.js.map
C:\Users\sondr\OneDrive\Dokumenter\HIOA\WebApp\SPA-kunde-ng2-1\SPA-kunde-ng2-1\SPA-kunde-ng2-1\app\app.module.js
C:\Users\sondr\OneDrive\Dokumenter\HIOA\WebApp\SPA-kunde-ng2-1\SPA-kunde-ng2-1\SPA-kunde-ng2-1\app\app.module.js.map
C:\Users\sondr\OneDrive\Dokumenter\HIOA\WebApp\SPA-kunde-ng2-1\SPA-kunde-ng2-1\SPA-kunde-ng2-1\app\main.js
C:\Users\sondr\OneDrive\Dokumenter\HIOA\WebApp\SPA-kunde-ng2-1\SPA-kunde-ng2-1\SPA-kunde-ng2-1\app\main.js.map
C:\Users\sondr\OneDrive\Dokumenter\HIOA\WebApp\SPA-kunde-ng2-1\SPA-kunde-ng2-1\SPA-kunde-ng2-1\app\Question.js
C:\Users\sondr\OneDrive\Dokumenter\HIOA\WebApp\SPA-kunde-ng2-1\SPA-kunde-ng2-1\SPA-kunde-ng2-1\app\Question.js.map
C:\Users\sondr\OneDrive\Dokumenter\HIOA\WebApp\SPA-kunde-ng2-1\SPA-kunde-ng2-1\SPA-kunde-ng2-1\app\addQuestion.component.js
C:\Users\sondr\OneDrive\Dokumenter\HIOA\WebApp\SPA-kunde-ng2-1\SPA-kunde-ng2-1\SPA-kunde-ng2-1\app\addQuestion.component.js.map
C:\Users\sondr\OneDrive\Dokumenter\HIOA\WebApp\SPA-kunde-ng2-1\SPA-kunde-ng2-1\SPA-kunde-ng2-1\app\Kunde.js
C:\Users\sondr\OneDrive\Dokumenter\HIOA\WebApp\SPA-kunde-ng2-1\SPA-kunde-ng2-1\SPA-kunde-ng2-1\app\Kunde.js.map
C:\Users\sondr\OneDrive\Dokumenter\HIOA\WebApp\SPA-kunde-ng2-1\SPA-kunde-ng2-1\SPA-kunde-ng2-1\app\TestComponent.js
C:\Users\sondr\OneDrive\Dokumenter\HIOA\WebApp\SPA-kunde-ng2-1\SPA-kunde-ng2-1\SPA-kunde-ng2-1\app\TestComponent.js.map
C:\Users\sondr\OneDrive\Dokumenter\HIOA\WebApp\SPA-kunde-ng2-1\SPA-kunde-ng2-1\SPA-kunde-ng2-1\app\SPA.js
C:\Users\sondr\OneDrive\Dokumenter\HIOA\WebApp\SPA-kunde-ng2-1\SPA-kunde-ng2-1\SPA-kunde-ng2-1\app\SPA.js.map
C:\Users\sondr\OneDrive\Dokumenter\HIOA\WebApp\SPA-kunde-ng2-1\SPA-kunde-ng2-1\SPA-kunde-ng2-1\app\showQuestions.component.js
C:\Users\sondr\OneDrive\Dokumenter\HIOA\WebApp\SPA-kunde-ng2-1\SPA-kunde-ng2-1\SPA-kunde-ng2-1\app\showQuestions.component.js.map
C:\Users\sondr\OneDrive\Dokumenter\HIOA\WebApp\SPA-kunde-ng2-1\SPA-kunde-ng2-1\SPA-kunde-ng2-1\app\mainSPA.js
C:\Users\sondr\OneDrive\Dokumenter\HIOA\WebApp\SPA-kunde-ng2-1\SPA-kunde-ng2-1\SPA-kunde-ng2-1\app\mainSPA.js.map
C:\Users\sondr\OneDrive\Dokumenter\HIOA\WebApp\SPA-kunde-ng2-1\SPA-kunde-ng2-1\SPA-kunde-ng2-1\app\app.module.js
C:\Users\sondr\OneDrive\Dokumenter\HIOA\WebApp\SPA-kunde-ng2-1\SPA-kunde-ng2-1\SPA-kunde-ng2-1\app\app.module.js.map
C:\Users\sondr\OneDrive\Dokumenter\HIOA\WebApp\SPA-kunde-ng2-1\SPA-kunde-ng2-1\SPA-kunde-ng2-1\app\main.js
C:\Users\sondr\OneDrive\Dokumenter\HIOA\WebApp\SPA-kunde-ng2-1\SPA-kunde-ng2-1\SPA-kunde-ng2-1\app\main.js.map
C:\Users\sondr\OneDrive\Dokumenter\HIOA\WebApp\SPA-kunde-ng2-1\SPA-kunde-ng2-1\SPA-kunde-ng2-1\app\Question.js
C:\Users\sondr\OneDrive\Dokumenter\HIOA\WebApp\SPA-kunde-ng2-1\SPA-kunde-ng2-1\SPA-kunde-ng2-1\app\Question.js.map
C:\Users\sondr\OneDrive\Dokumenter\HIOA\WebApp\SPA-kunde-ng2-1\SPA-kunde-ng2-1\SPA-kunde-ng2-1\app\addQuestion.component.js
C:\Users\sondr\OneDrive\Dokumenter\HIOA\WebApp\SPA-kunde-ng2-1\SPA-kunde-ng2-1\SPA-kunde-ng2-1\app\addQuestion.component.js.map
C:\Users\sondr\OneDrive\Dokumenter\HIOA\WebApp\SPA-kunde-ng2-1\SPA-kunde-ng2-1\SPA-kunde-ng2-1\app\Kunde.js
C:\Users\sondr\OneDrive\Dokumenter\HIOA\WebApp\SPA-kunde-ng2-1\SPA-kunde-ng2-1\SPA-kunde-ng2-1\app\Kunde.js.map
C:\Users\sondr\OneDrive\Dokumenter\HIOA\WebApp\SPA-kunde-ng2-1\SPA-kunde-ng2-1\SPA-kunde-ng2-1\app\TestComponent.js
C:\Users\sondr\OneDrive\Dokumenter\HIOA\WebApp\SPA-kunde-ng2-1\SPA-kunde-ng2-1\SPA-kunde-ng2-1\app\TestComponent.js.map
C:\Users\sondr\OneDrive\Dokumenter\HIOA\WebApp\SPA-kunde-ng2-1\SPA-kunde-ng2-1\SPA-kunde-ng2-1\app\SPA.js
C:\Users\sondr\OneDrive\Dokumenter\HIOA\WebApp\SPA-kunde-ng2-1\SPA-kunde-ng2-1\SPA-kunde-ng2-1\app\SPA.js.map
C:\Users\sondr\OneDrive\Dokumenter\HIOA\WebApp\SPA-kunde-ng2-1\SPA-kunde-ng2-1\SPA-kunde-ng2-1\app\showQuestions.component.js
C:\Users\sondr\OneDrive\Dokumenter\HIOA\WebApp\SPA-kunde-ng2-1\SPA-kunde-ng2-1\SPA-kunde-ng2-1\app\showQuestions.component.js.map
C:\Users\sondr\OneDrive\Dokumenter\HIOA\WebApp\SPA-kunde-ng2-1\SPA-kunde-ng2-1\SPA-kunde-ng2-1\app\mainSPA.js
C:\Users\sondr\OneDrive\Dokumenter\HIOA\WebApp\SPA-kunde-ng2-1\SPA-kunde-ng2-1\SPA-kunde-ng2-1\app\mainSPA.js.map
C:\Users\sondr\OneDrive\Dokumenter\HIOA\WebApp\SPA-kunde-ng2-1\SPA-kunde-ng2-1\SPA-kunde-ng2-1\app\app.module.js
C:\Users\sondr\OneDrive\Dokumenter\HIOA\WebApp\SPA-kunde-ng2-1\SPA-kunde-ng2-1\SPA-kunde-ng2-1\app\app.module.js.map
C:\Users\sondr\OneDrive\Dokumenter\HIOA\WebApp\SPA-kunde-ng2-1\SPA-kunde-ng2-1\SPA-kunde-ng2-1\app\main.js
C:\Users\sondr\OneDrive\Dokumenter\HIOA\WebApp\SPA-kunde-ng2-1\SPA-kunde-ng2-1\SPA-kunde-ng2-1\app\main.js.map
C:\Users\sondr\OneDrive\Dokumenter\HIOA\WebApp\SPA-kunde-ng2-1\SPA-kunde-ng2-1\SPA-kunde-ng2-1\app\Question.js
C:\Users\sondr\OneDrive\Dokumenter\HIOA\WebApp\SPA-kunde-ng2-1\SPA-kunde-ng2-1\SPA-kunde-ng2-1\app\Question.js.map
C:\Users\sondr\OneDrive\Dokumenter\HIOA\WebApp\SPA-kunde-ng2-1\SPA-kunde-ng2-1\SPA-kunde-ng2-1\app\addQuestion.component.js
C:\Users\sondr\OneDrive\Dokumenter\HIOA\WebApp\SPA-kunde-ng2-1\SPA-kunde-ng2-1\SPA-kunde-ng2-1\app\addQuestion.component.js.map
C:\Users\sondr\OneDrive\Dokumenter\HIOA\WebApp\SPA-kunde-ng2-1\SPA-kunde-ng2-1\SPA-kunde-ng2-1\app\Kunde.js
C:\Users\sondr\OneDrive\Dokumenter\HIOA\WebApp\SPA-kunde-ng2-1\SPA-kunde-ng2-1\SPA-kunde-ng2-1\app\Kunde.js.map
C:\Users\sondr\OneDrive\Dokumenter\HIOA\WebApp\SPA-kunde-ng2-1\SPA-kunde-ng2-1\SPA-kunde-ng2-1\app\TestComponent.js
C:\Users\sondr\OneDrive\Dokumenter\HIOA\WebApp\SPA-kunde-ng2-1\SPA-kunde-ng2-1\SPA-kunde-ng2-1\app\TestComponent.js.map
C:\Users\sondr\OneDrive\Dokumenter\HIOA\WebApp\SPA-kunde-ng2-1\SPA-kunde-ng2-1\SPA-kunde-ng2-1\app\SPA.js
C:\Users\sondr\OneDrive\Dokumenter\HIOA\WebApp\SPA-kunde-ng2-1\SPA-kunde-ng2-1\SPA-kunde-ng2-1\app\SPA.js.map
C:\Users\sondr\OneDrive\Dokumenter\HIOA\WebApp\SPA-kunde-ng2-1\SPA-kunde-ng2-1\SPA-kunde-ng2-1\app\showQuestions.component.js
C:\Users\sondr\OneDrive\Dokumenter\HIOA\WebApp\SPA-kunde-ng2-1\SPA-kunde-ng2-1\SPA-kunde-ng2-1\app\showQuestions.component.js.map
C:\Users\sondr\OneDrive\Dokumenter\HIOA\WebApp\SPA-kunde-ng2-1\SPA-kunde-ng2-1\SPA-kunde-ng2-1\app\mainSPA.js
C:\Users\sondr\OneDrive\Dokumenter\HIOA\WebApp\SPA-kunde-ng2-1\SPA-kunde-ng2-1\SPA-kunde-ng2-1\app\mainSPA.js.map
C:\Users\sondr\OneDrive\Dokumenter\HIOA\WebApp\SPA-kunde-ng2-1\SPA-kunde-ng2-1\SPA-kunde-ng2-1\app\app.module.js
C:\Users\sondr\OneDrive\Dokumenter\HIOA\WebApp\SPA-kunde-ng2-1\SPA-kunde-ng2-1\SPA-kunde-ng2-1\app\app.module.js.map
C:\Users\sondr\OneDrive\Dokumenter\HIOA\WebApp\SPA-kunde-ng2-1\SPA-kunde-ng2-1\SPA-kunde-ng2-1\app\main.js
C:\Users\sondr\OneDrive\Dokumenter\HIOA\WebApp\SPA-kunde-ng2-1\SPA-kunde-ng2-1\SPA-kunde-ng2-1\app\main.js.map
C:\Users\sondr\OneDrive\Dokumenter\HIOA\WebApp\SPA-kunde-ng2-1\SPA-kunde-ng2-1\SPA-kunde-ng2-1\app\Question.js
C:\Users\sondr\OneDrive\Dokumenter\HIOA\WebApp\SPA-kunde-ng2-1\SPA-kunde-ng2-1\SPA-kunde-ng2-1\app\Question.js.map
C:\Users\sondr\OneDrive\Dokumenter\HIOA\WebApp\SPA-kunde-ng2-1\SPA-kunde-ng2-1\SPA-kunde-ng2-1\app\addQuestion.component.js
C:\Users\sondr\OneDrive\Dokumenter\HIOA\WebApp\SPA-kunde-ng2-1\SPA-kunde-ng2-1\SPA-kunde-ng2-1\app\addQuestion.component.js.map
C:\Users\sondr\OneDrive\Dokumenter\HIOA\WebApp\SPA-kunde-ng2-1\SPA-kunde-ng2-1\SPA-kunde-ng2-1\app\Kunde.js
C:\Users\sondr\OneDrive\Dokumenter\HIOA\WebApp\SPA-kunde-ng2-1\SPA-kunde-ng2-1\SPA-kunde-ng2-1\app\Kunde.js.map
C:\Users\sondr\OneDrive\Dokumenter\HIOA\WebApp\SPA-kunde-ng2-1\SPA-kunde-ng2-1\SPA-kunde-ng2-1\app\TestComponent.js
C:\Users\sondr\OneDrive\Dokumenter\HIOA\WebApp\SPA-kunde-ng2-1\SPA-kunde-ng2-1\SPA-kunde-ng2-1\app\TestComponent.js.map
C:\Users\sondr\OneDrive\Dokumenter\HIOA\WebApp\SPA-kunde-ng2-1\SPA-kunde-ng2-1\SPA-kunde-ng2-1\app\SPA.js
C:\Users\sondr\OneDrive\Dokumenter\HIOA\WebApp\SPA-kunde-ng2-1\SPA-kunde-ng2-1\SPA-kunde-ng2-1\app\SPA.js.map
C:\Users\sondr\OneDrive\Dokumenter\HIOA\WebApp\SPA-kunde-ng2-1\SPA-kunde-ng2-1\SPA-kunde-ng2-1\app\showQuestions.component.js
C:\Users\sondr\OneDrive\Dokumenter\HIOA\WebApp\SPA-kunde-ng2-1\SPA-kunde-ng2-1\SPA-kunde-ng2-1\app\showQuestions.component.js.map
C:\Users\sondr\OneDrive\Dokumenter\HIOA\WebApp\SPA-kunde-ng2-1\SPA-kunde-ng2-1\SPA-kunde-ng2-1\app\mainSPA.js
C:\Users\sondr\OneDrive\Dokumenter\HIOA\WebApp\SPA-kunde-ng2-1\SPA-kunde-ng2-1\SPA-kunde-ng2-1\app\mainSPA.js.map
C:\Users\sondr\OneDrive\Dokumenter\HIOA\WebApp\SPA-kunde-ng2-1\SPA-kunde-ng2-1\SPA-kunde-ng2-1\app\app.module.js
C:\Users\sondr\OneDrive\Dokumenter\HIOA\WebApp\SPA-kunde-ng2-1\SPA-kunde-ng2-1\SPA-kunde-ng2-1\app\app.module.js.map
C:\Users\sondr\OneDrive\Dokumenter\HIOA\WebApp\SPA-kunde-ng2-1\SPA-kunde-ng2-1\SPA-kunde-ng2-1\app\main.js
C:\Users\sondr\OneDrive\Dokumenter\HIOA\WebApp\SPA-kunde-ng2-1\SPA-kunde-ng2-1\SPA-kunde-ng2-1\app\main.js.map
C:\Users\sondr\OneDrive\Dokumenter\HIOA\WebApp\SPA-kunde-ng2-1\SPA-kunde-ng2-1\SPA-kunde-ng2-1\app\Question.js
C:\Users\sondr\OneDrive\Dokumenter\HIOA\WebApp\SPA-kunde-ng2-1\SPA-kunde-ng2-1\SPA-kunde-ng2-1\app\Question.js.map
C:\Users\sondr\OneDrive\Dokumenter\HIOA\WebApp\SPA-kunde-ng2-1\SPA-kunde-ng2-1\SPA-kunde-ng2-1\app\addQuestion.component.js
C:\Users\sondr\OneDrive\Dokumenter\HIOA\WebApp\SPA-kunde-ng2-1\SPA-kunde-ng2-1\SPA-kunde-ng2-1\app\addQuestion.component.js.map
C:\Users\sondr\OneDrive\Dokumenter\HIOA\WebApp\SPA-kunde-ng2-1\SPA-kunde-ng2-1\SPA-kunde-ng2-1\app\Kunde.js
C:\Users\sondr\OneDrive\Dokumenter\HIOA\WebApp\SPA-kunde-ng2-1\SPA-kunde-ng2-1\SPA-kunde-ng2-1\app\Kunde.js.map
C:\Users\sondr\OneDrive\Dokumenter\HIOA\WebApp\SPA-kunde-ng2-1\SPA-kunde-ng2-1\SPA-kunde-ng2-1\app\TestComponent.js
C:\Users\sondr\OneDrive\Dokumenter\HIOA\WebApp\SPA-kunde-ng2-1\SPA-kunde-ng2-1\SPA-kunde-ng2-1\app\TestComponent.js.map
C:\Users\sondr\OneDrive\Dokumenter\HIOA\WebApp\SPA-kunde-ng2-1\SPA-kunde-ng2-1\SPA-kunde-ng2-1\app\SPA.js
C:\Users\sondr\OneDrive\Dokumenter\HIOA\WebApp\SPA-kunde-ng2-1\SPA-kunde-ng2-1\SPA-kunde-ng2-1\app\SPA.js.map
C:\Users\sondr\OneDrive\Dokumenter\HIOA\WebApp\SPA-kunde-ng2-1\SPA-kunde-ng2-1\SPA-kunde-ng2-1\app\showQuestions.component.js
C:\Users\sondr\OneDrive\Dokumenter\HIOA\WebApp\SPA-kunde-ng2-1\SPA-kunde-ng2-1\SPA-kunde-ng2-1\app\showQuestions.component.js.map
C:\Users\sondr\OneDrive\Dokumenter\HIOA\WebApp\SPA-kunde-ng2-1\SPA-kunde-ng2-1\SPA-kunde-ng2-1\app\mainSPA.js
C:\Users\sondr\OneDrive\Dokumenter\HIOA\WebApp\SPA-kunde-ng2-1\SPA-kunde-ng2-1\SPA-kunde-ng2-1\app\mainSPA.js.map
C:\Users\sondr\OneDrive\Dokumenter\HIOA\WebApp\SPA-kunde-ng2-1\SPA-kunde-ng2-1\SPA-kunde-ng2-1\app\app.module.js
C:\Users\sondr\OneDrive\Dokumenter\HIOA\WebApp\SPA-kunde-ng2-1\SPA-kunde-ng2-1\SPA-kunde-ng2-1\app\app.module.js.map
C:\Users\sondr\OneDrive\Dokumenter\HIOA\WebApp\SPA-kunde-ng2-1\SPA-kunde-ng2-1\SPA-kunde-ng2-1\app\main.js
C:\Users\sondr\OneDrive\Dokumenter\HIOA\WebApp\SPA-kunde-ng2-1\SPA-kunde-ng2-1\SPA-kunde-ng2-1\app\main.js.map
C:\Users\sondr\OneDrive\Dokumenter\HIOA\WebApp\SPA-kunde-ng2-1\SPA-kunde-ng2-1\SPA-kunde-ng2-1\app\Question.js
C:\Users\sondr\OneDrive\Dokumenter\HIOA\WebApp\SPA-kunde-ng2-1\SPA-kunde-ng2-1\SPA-kunde-ng2-1\app\Question.js.map
C:\Users\sondr\OneDrive\Dokumenter\HIOA\WebApp\SPA-kunde-ng2-1\SPA-kunde-ng2-1\SPA-kunde-ng2-1\app\addQuestion.component.js
C:\Users\sondr\OneDrive\Dokumenter\HIOA\WebApp\SPA-kunde-ng2-1\SPA-kunde-ng2-1\SPA-kunde-ng2-1\app\addQuestion.component.js.map
C:\Users\sondr\OneDrive\Dokumenter\HIOA\WebApp\SPA-kunde-ng2-1\SPA-kunde-ng2-1\SPA-kunde-ng2-1\app\Kunde.js
C:\Users\sondr\OneDrive\Dokumenter\HIOA\WebApp\SPA-kunde-ng2-1\SPA-kunde-ng2-1\SPA-kunde-ng2-1\app\Kunde.js.map
C:\Users\sondr\OneDrive\Dokumenter\HIOA\WebApp\SPA-kunde-ng2-1\SPA-kunde-ng2-1\SPA-kunde-ng2-1\app\TestComponent.js
C:\Users\sondr\OneDrive\Dokumenter\HIOA\WebApp\SPA-kunde-ng2-1\SPA-kunde-ng2-1\SPA-kunde-ng2-1\app\TestComponent.js.map
C:\Users\sondr\OneDrive\Dokumenter\HIOA\WebApp\SPA-kunde-ng2-1\SPA-kunde-ng2-1\SPA-kunde-ng2-1\app\SPA.js
C:\Users\sondr\OneDrive\Dokumenter\HIOA\WebApp\SPA-kunde-ng2-1\SPA-kunde-ng2-1\SPA-kunde-ng2-1\app\SPA.js.map
C:\Users\sondr\OneDrive\Dokumenter\HIOA\WebApp\SPA-kunde-ng2-1\SPA-kunde-ng2-1\SPA-kunde-ng2-1\app\showQuestions.component.js
C:\Users\sondr\OneDrive\Dokumenter\HIOA\WebApp\SPA-kunde-ng2-1\SPA-kunde-ng2-1\SPA-kunde-ng2-1\app\showQuestions.component.js.map
C:\Users\sondr\OneDrive\Dokumenter\HIOA\WebApp\SPA-kunde-ng2-1\SPA-kunde-ng2-1\SPA-kunde-ng2-1\app\mainSPA.js
C:\Users\sondr\OneDrive\Dokumenter\HIOA\WebApp\SPA-kunde-ng2-1\SPA-kunde-ng2-1\SPA-kunde-ng2-1\app\mainSPA.js.map
C:\Users\sondr\OneDrive\Dokumenter\HIOA\WebApp\SPA-kunde-ng2-1\SPA-kunde-ng2-1\SPA-kunde-ng2-1\app\app.module.js
C:\Users\sondr\OneDrive\Dokumenter\HIOA\WebApp\SPA-kunde-ng2-1\SPA-kunde-ng2-1\SPA-kunde-ng2-1\app\app.module.js.map
C:\Users\sondr\OneDrive\Dokumenter\HIOA\WebApp\SPA-kunde-ng2-1\SPA-kunde-ng2-1\SPA-kunde-ng2-1\app\main.js
C:\Users\sondr\OneDrive\Dokumenter\HIOA\WebApp\SPA-kunde-ng2-1\SPA-kunde-ng2-1\SPA-kunde-ng2-1\app\main.js.map
C:\Users\sondr\OneDrive\Dokumenter\HIOA\WebApp\SPA-kunde-ng2-1\SPA-kunde-ng2-1\SPA-kunde-ng2-1\app\Question.js
C:\Users\sondr\OneDrive\Dokumenter\HIOA\WebApp\SPA-kunde-ng2-1\SPA-kunde-ng2-1\SPA-kunde-ng2-1\app\Question.js.map
C:\Users\sondr\OneDrive\Dokumenter\HIOA\WebApp\SPA-kunde-ng2-1\SPA-kunde-ng2-1\SPA-kunde-ng2-1\app\addQuestion.component.js
C:\Users\sondr\OneDrive\Dokumenter\HIOA\WebApp\SPA-kunde-ng2-1\SPA-kunde-ng2-1\SPA-kunde-ng2-1\app\addQuestion.component.js.map
C:\Users\sondr\OneDrive\Dokumenter\HIOA\WebApp\SPA-kunde-ng2-1\SPA-kunde-ng2-1\SPA-kunde-ng2-1\app\Kunde.js
C:\Users\sondr\OneDrive\Dokumenter\HIOA\WebApp\SPA-kunde-ng2-1\SPA-kunde-ng2-1\SPA-kunde-ng2-1\app\Kunde.js.map
C:\Users\sondr\OneDrive\Dokumenter\HIOA\WebApp\SPA-kunde-ng2-1\SPA-kunde-ng2-1\SPA-kunde-ng2-1\app\TestComponent.js
C:\Users\sondr\OneDrive\Dokumenter\HIOA\WebApp\SPA-kunde-ng2-1\SPA-kunde-ng2-1\SPA-kunde-ng2-1\app\TestComponent.js.map
C:\Users\sondr\OneDrive\Dokumenter\HIOA\WebApp\SPA-kunde-ng2-1\SPA-kunde-ng2-1\SPA-kunde-ng2-1\app\SPA.js
C:\Users\sondr\OneDrive\Dokumenter\HIOA\WebApp\SPA-kunde-ng2-1\SPA-kunde-ng2-1\SPA-kunde-ng2-1\app\SPA.js.map
C:\Users\sondr\OneDrive\Dokumenter\HIOA\WebApp\SPA-kunde-ng2-1\SPA-kunde-ng2-1\SPA-kunde-ng2-1\app\showQuestions.component.js
C:\Users\sondr\OneDrive\Dokumenter\HIOA\WebApp\SPA-kunde-ng2-1\SPA-kunde-ng2-1\SPA-kunde-ng2-1\app\showQuestions.component.js.map
C:\Users\sondr\OneDrive\Dokumenter\HIOA\WebApp\SPA-kunde-ng2-1\SPA-kunde-ng2-1\SPA-kunde-ng2-1\app\mainSPA.js
C:\Users\sondr\OneDrive\Dokumenter\HIOA\WebApp\SPA-kunde-ng2-1\SPA-kunde-ng2-1\SPA-kunde-ng2-1\app\mainSPA.js.map
C:\Users\sondr\OneDrive\Dokumenter\HIOA\WebApp\SPA-kunde-ng2-1\SPA-kunde-ng2-1\SPA-kunde-ng2-1\app\app.module.js
C:\Users\sondr\OneDrive\Dokumenter\HIOA\WebApp\SPA-kunde-ng2-1\SPA-kunde-ng2-1\SPA-kunde-ng2-1\app\app.module.js.map
C:\Users\sondr\OneDrive\Dokumenter\HIOA\WebApp\SPA-kunde-ng2-1\SPA-kunde-ng2-1\SPA-kunde-ng2-1\app\main.js
C:\Users\sondr\OneDrive\Dokumenter\HIOA\WebApp\SPA-kunde-ng2-1\SPA-kunde-ng2-1\SPA-kunde-ng2-1\app\main.js.map
C:\Users\sondr\OneDrive\Dokumenter\HIOA\WebApp\SPA-kunde-ng2-1\SPA-kunde-ng2-1\SPA-kunde-ng2-1\app\Question.js
C:\Users\sondr\OneDrive\Dokumenter\HIOA\WebApp\SPA-kunde-ng2-1\SPA-kunde-ng2-1\SPA-kunde-ng2-1\app\Question.js.map
C:\Users\sondr\OneDrive\Dokumenter\HIOA\WebApp\SPA-kunde-ng2-1\SPA-kunde-ng2-1\SPA-kunde-ng2-1\app\addQuestion.component.js
C:\Users\sondr\OneDrive\Dokumenter\HIOA\WebApp\SPA-kunde-ng2-1\SPA-kunde-ng2-1\SPA-kunde-ng2-1\app\addQuestion.component.js.map
C:\Users\sondr\OneDrive\Dokumenter\HIOA\WebApp\SPA-kunde-ng2-1\SPA-kunde-ng2-1\SPA-kunde-ng2-1\app\Kunde.js
C:\Users\sondr\OneDrive\Dokumenter\HIOA\WebApp\SPA-kunde-ng2-1\SPA-kunde-ng2-1\SPA-kunde-ng2-1\app\Kunde.js.map
C:\Users\sondr\OneDrive\Dokumenter\HIOA\WebApp\SPA-kunde-ng2-1\SPA-kunde-ng2-1\SPA-kunde-ng2-1\app\TestComponent.js
C:\Users\sondr\OneDrive\Dokumenter\HIOA\WebApp\SPA-kunde-ng2-1\SPA-kunde-ng2-1\SPA-kunde-ng2-1\app\TestComponent.js.map
C:\Users\sondr\OneDrive\Dokumenter\HIOA\WebApp\SPA-kunde-ng2-1\SPA-kunde-ng2-1\SPA-kunde-ng2-1\app\SPA.js
C:\Users\sondr\OneDrive\Dokumenter\HIOA\WebApp\SPA-kunde-ng2-1\SPA-kunde-ng2-1\SPA-kunde-ng2-1\app\SPA.js.map
C:\Users\sondr\OneDrive\Dokumenter\HIOA\WebApp\SPA-kunde-ng2-1\SPA-kunde-ng2-1\SPA-kunde-ng2-1\app\showQuestions.component.js
C:\Users\sondr\OneDrive\Dokumenter\HIOA\WebApp\SPA-kunde-ng2-1\SPA-kunde-ng2-1\SPA-kunde-ng2-1\app\showQuestions.component.js.map
C:\Users\sondr\OneDrive\Dokumenter\HIOA\WebApp\SPA-kunde-ng2-1\SPA-kunde-ng2-1\SPA-kunde-ng2-1\app\mainSPA.js
C:\Users\sondr\OneDrive\Dokumenter\HIOA\WebApp\SPA-kunde-ng2-1\SPA-kunde-ng2-1\SPA-kunde-ng2-1\app\mainSPA.js.map
C:\Users\sondr\OneDrive\Dokumenter\HIOA\WebApp\SPA-kunde-ng2-1\SPA-kunde-ng2-1\SPA-kunde-ng2-1\app\app.module.js
C:\Users\sondr\OneDrive\Dokumenter\HIOA\WebApp\SPA-kunde-ng2-1\SPA-kunde-ng2-1\SPA-kunde-ng2-1\app\app.module.js.map
C:\Users\sondr\OneDrive\Dokumenter\HIOA\WebApp\SPA-kunde-ng2-1\SPA-kunde-ng2-1\SPA-kunde-ng2-1\app\main.js
C:\Users\sondr\OneDrive\Dokumenter\HIOA\WebApp\SPA-kunde-ng2-1\SPA-kunde-ng2-1\SPA-kunde-ng2-1\app\main.js.map
C:\Users\sondr\OneDrive\Dokumenter\HIOA\WebApp\SPA-kunde-ng2-1\SPA-kunde-ng2-1\SPA-kunde-ng2-1\app\Question.js
C:\Users\sondr\OneDrive\Dokumenter\HIOA\WebApp\SPA-kunde-ng2-1\SPA-kunde-ng2-1\SPA-kunde-ng2-1\app\Question.js.map
C:\Users\sondr\OneDrive\Dokumenter\HIOA\WebApp\SPA-kunde-ng2-1\SPA-kunde-ng2-1\SPA-kunde-ng2-1\app\addQuestion.component.js
C:\Users\sondr\OneDrive\Dokumenter\HIOA\WebApp\SPA-kunde-ng2-1\SPA-kunde-ng2-1\SPA-kunde-ng2-1\app\addQuestion.component.js.map
C:\Users\sondr\OneDrive\Dokumenter\HIOA\WebApp\SPA-kunde-ng2-1\SPA-kunde-ng2-1\SPA-kunde-ng2-1\app\Kunde.js
C:\Users\sondr\OneDrive\Dokumenter\HIOA\WebApp\SPA-kunde-ng2-1\SPA-kunde-ng2-1\SPA-kunde-ng2-1\app\Kunde.js.map
C:\Users\sondr\OneDrive\Dokumenter\HIOA\WebApp\SPA-kunde-ng2-1\SPA-kunde-ng2-1\SPA-kunde-ng2-1\app\TestComponent.js
C:\Users\sondr\OneDrive\Dokumenter\HIOA\WebApp\SPA-kunde-ng2-1\SPA-kunde-ng2-1\SPA-kunde-ng2-1\app\TestComponent.js.map
C:\Users\sondr\OneDrive\Dokumenter\HIOA\WebApp\SPA-kunde-ng2-1\SPA-kunde-ng2-1\SPA-kunde-ng2-1\app\SPA.js
C:\Users\sondr\OneDrive\Dokumenter\HIOA\WebApp\SPA-kunde-ng2-1\SPA-kunde-ng2-1\SPA-kunde-ng2-1\app\SPA.js.map
C:\Users\sondr\OneDrive\Dokumenter\HIOA\WebApp\SPA-kunde-ng2-1\SPA-kunde-ng2-1\SPA-kunde-ng2-1\app\showQuestions.component.js
C:\Users\sondr\OneDrive\Dokumenter\HIOA\WebApp\SPA-kunde-ng2-1\SPA-kunde-ng2-1\SPA-kunde-ng2-1\app\showQuestions.component.js.map
C:\Users\sondr\OneDrive\Dokumenter\HIOA\WebApp\SPA-kunde-ng2-1\SPA-kunde-ng2-1\SPA-kunde-ng2-1\app\mainSPA.js
C:\Users\sondr\OneDrive\Dokumenter\HIOA\WebApp\SPA-kunde-ng2-1\SPA-kunde-ng2-1\SPA-kunde-ng2-1\app\mainSPA.js.map
C:\Users\sondr\OneDrive\Dokumenter\HIOA\WebApp\SPA-kunde-ng2-1\SPA-kunde-ng2-1\SPA-kunde-ng2-1\app\app.module.js
C:\Users\sondr\OneDrive\Dokumenter\HIOA\WebApp\SPA-kunde-ng2-1\SPA-kunde-ng2-1\SPA-kunde-ng2-1\app\app.module.js.map
C:\Users\sondr\OneDrive\Dokumenter\HIOA\WebApp\SPA-kunde-ng2-1\SPA-kunde-ng2-1\SPA-kunde-ng2-1\app\main.js
C:\Users\sondr\OneDrive\Dokumenter\HIOA\WebApp\SPA-kunde-ng2-1\SPA-kunde-ng2-1\SPA-kunde-ng2-1\app\main.js.map
C:\Users\sondr\OneDrive\Dokumenter\HIOA\WebApp\SPA-kunde-ng2-1\SPA-kunde-ng2-1\SPA-kunde-ng2-1\app\Question.js
C:\Users\sondr\OneDrive\Dokumenter\HIOA\WebApp\SPA-kunde-ng2-1\SPA-kunde-ng2-1\SPA-kunde-ng2-1\app\Question.js.map
C:\Users\sondr\OneDrive\Dokumenter\HIOA\WebApp\SPA-kunde-ng2-1\SPA-kunde-ng2-1\SPA-kunde-ng2-1\app\addQuestion.component.js
C:\Users\sondr\OneDrive\Dokumenter\HIOA\WebApp\SPA-kunde-ng2-1\SPA-kunde-ng2-1\SPA-kunde-ng2-1\app\addQuestion.component.js.map
C:\Users\sondr\OneDrive\Dokumenter\HIOA\WebApp\SPA-kunde-ng2-1\SPA-kunde-ng2-1\SPA-kunde-ng2-1\app\Kunde.js
C:\Users\sondr\OneDrive\Dokumenter\HIOA\WebApp\SPA-kunde-ng2-1\SPA-kunde-ng2-1\SPA-kunde-ng2-1\app\Kunde.js.map
C:\Users\sondr\OneDrive\Dokumenter\HIOA\WebApp\SPA-kunde-ng2-1\SPA-kunde-ng2-1\SPA-kunde-ng2-1\app\TestComponent.js
C:\Users\sondr\OneDrive\Dokumenter\HIOA\WebApp\SPA-kunde-ng2-1\SPA-kunde-ng2-1\SPA-kunde-ng2-1\app\TestComponent.js.map
C:\Users\sondr\OneDrive\Dokumenter\HIOA\WebApp\SPA-kunde-ng2-1\SPA-kunde-ng2-1\SPA-kunde-ng2-1\app\SPA.js
C:\Users\sondr\OneDrive\Dokumenter\HIOA\WebApp\SPA-kunde-ng2-1\SPA-kunde-ng2-1\SPA-kunde-ng2-1\app\SPA.js.map
C:\Users\sondr\OneDrive\Dokumenter\HIOA\WebApp\SPA-kunde-ng2-1\SPA-kunde-ng2-1\SPA-kunde-ng2-1\app\showQuestions.component.js
C:\Users\sondr\OneDrive\Dokumenter\HIOA\WebApp\SPA-kunde-ng2-1\SPA-kunde-ng2-1\SPA-kunde-ng2-1\app\showQuestions.component.js.map
C:\Users\sondr\OneDrive\Dokumenter\HIOA\WebApp\SPA-kunde-ng2-1\SPA-kunde-ng2-1\SPA-kunde-ng2-1\app\mainSPA.js
C:\Users\sondr\OneDrive\Dokumenter\HIOA\WebApp\SPA-kunde-ng2-1\SPA-kunde-ng2-1\SPA-kunde-ng2-1\app\mainSPA.js.map
C:\Users\sondr\OneDrive\Dokumenter\HIOA\WebApp\SPA-kunde-ng2-1\SPA-kunde-ng2-1\SPA-kunde-ng2-1\app\app.module.js
C:\Users\sondr\OneDrive\Dokumenter\HIOA\WebApp\SPA-kunde-ng2-1\SPA-kunde-ng2-1\SPA-kunde-ng2-1\app\app.module.js.map
C:\Users\sondr\OneDrive\Dokumenter\HIOA\WebApp\SPA-kunde-ng2-1\SPA-kunde-ng2-1\SPA-kunde-ng2-1\app\main.js
C:\Users\sondr\OneDrive\Dokumenter\HIOA\WebApp\SPA-kunde-ng2-1\SPA-kunde-ng2-1\SPA-kunde-ng2-1\app\main.js.map
C:\Users\sondr\OneDrive\Dokumenter\HIOA\WebApp\SPA-kunde-ng2-1\SPA-kunde-ng2-1\SPA-kunde-ng2-1\app\Question.js
C:\Users\sondr\OneDrive\Dokumenter\HIOA\WebApp\SPA-kunde-ng2-1\SPA-kunde-ng2-1\SPA-kunde-ng2-1\app\Question.js.map
C:\Users\sondr\OneDrive\Dokumenter\HIOA\WebApp\SPA-kunde-ng2-1\SPA-kunde-ng2-1\SPA-kunde-ng2-1\app\addQuestion.component.js
C:\Users\sondr\OneDrive\Dokumenter\HIOA\WebApp\SPA-kunde-ng2-1\SPA-kunde-ng2-1\SPA-kunde-ng2-1\app\addQuestion.component.js.map
C:\Users\sondr\OneDrive\Dokumenter\HIOA\WebApp\SPA-kunde-ng2-1\SPA-kunde-ng2-1\SPA-kunde-ng2-1\app\Kunde.js
C:\Users\sondr\OneDrive\Dokumenter\HIOA\WebApp\SPA-kunde-ng2-1\SPA-kunde-ng2-1\SPA-kunde-ng2-1\app\Kunde.js.map
C:\Users\sondr\OneDrive\Dokumenter\HIOA\WebApp\SPA-kunde-ng2-1\SPA-kunde-ng2-1\SPA-kunde-ng2-1\app\TestComponent.js
C:\Users\sondr\OneDrive\Dokumenter\HIOA\WebApp\SPA-kunde-ng2-1\SPA-kunde-ng2-1\SPA-kunde-ng2-1\app\TestComponent.js.map
C:\Users\sondr\OneDrive\Dokumenter\HIOA\WebApp\SPA-kunde-ng2-1\SPA-kunde-ng2-1\SPA-kunde-ng2-1\app\SPA.js
C:\Users\sondr\OneDrive\Dokumenter\HIOA\WebApp\SPA-kunde-ng2-1\SPA-kunde-ng2-1\SPA-kunde-ng2-1\app\SPA.js.map
C:\Users\sondr\OneDrive\Dokumenter\HIOA\WebApp\SPA-kunde-ng2-1\SPA-kunde-ng2-1\SPA-kunde-ng2-1\app\showQuestions.component.js
C:\Users\sondr\OneDrive\Dokumenter\HIOA\WebApp\SPA-kunde-ng2-1\SPA-kunde-ng2-1\SPA-kunde-ng2-1\app\showQuestions.component.js.map
C:\Users\sondr\OneDrive\Dokumenter\HIOA\WebApp\SPA-kunde-ng2-1\SPA-kunde-ng2-1\SPA-kunde-ng2-1\app\mainSPA.js
C:\Users\sondr\OneDrive\Dokumenter\HIOA\WebApp\SPA-kunde-ng2-1\SPA-kunde-ng2-1\SPA-kunde-ng2-1\app\mainSPA.js.map
C:\Users\sondr\OneDrive\Dokumenter\HIOA\WebApp\SPA-kunde-ng2-1\SPA-kunde-ng2-1\SPA-kunde-ng2-1\app\app.module.js
C:\Users\sondr\OneDrive\Dokumenter\HIOA\WebApp\SPA-kunde-ng2-1\SPA-kunde-ng2-1\SPA-kunde-ng2-1\app\app.module.js.map
C:\Users\sondr\OneDrive\Dokumenter\HIOA\WebApp\SPA-kunde-ng2-1\SPA-kunde-ng2-1\SPA-kunde-ng2-1\app\main.js
C:\Users\sondr\OneDrive\Dokumenter\HIOA\WebApp\SPA-kunde-ng2-1\SPA-kunde-ng2-1\SPA-kunde-ng2-1\app\main.js.map
C:\Users\sondr\OneDrive\Dokumenter\HIOA\WebApp\SPA-kunde-ng2-1\SPA-kunde-ng2-1\SPA-kunde-ng2-1\app\Question.js
C:\Users\sondr\OneDrive\Dokumenter\HIOA\WebApp\SPA-kunde-ng2-1\SPA-kunde-ng2-1\SPA-kunde-ng2-1\app\Question.js.map
C:\Users\sondr\OneDrive\Dokumenter\HIOA\WebApp\SPA-kunde-ng2-1\SPA-kunde-ng2-1\SPA-kunde-ng2-1\app\addQuestion.component.js
C:\Users\sondr\OneDrive\Dokumenter\HIOA\WebApp\SPA-kunde-ng2-1\SPA-kunde-ng2-1\SPA-kunde-ng2-1\app\addQuestion.component.js.map
C:\Users\sondr\OneDrive\Dokumenter\HIOA\WebApp\SPA-kunde-ng2-1\SPA-kunde-ng2-1\SPA-kunde-ng2-1\app\Kunde.js
C:\Users\sondr\OneDrive\Dokumenter\HIOA\WebApp\SPA-kunde-ng2-1\SPA-kunde-ng2-1\SPA-kunde-ng2-1\app\Kunde.js.map
C:\Users\sondr\OneDrive\Dokumenter\HIOA\WebApp\SPA-kunde-ng2-1\SPA-kunde-ng2-1\SPA-kunde-ng2-1\app\TestComponent.js
C:\Users\sondr\OneDrive\Dokumenter\HIOA\WebApp\SPA-kunde-ng2-1\SPA-kunde-ng2-1\SPA-kunde-ng2-1\app\TestComponent.js.map
C:\Users\sondr\OneDrive\Dokumenter\HIOA\WebApp\SPA-kunde-ng2-1\SPA-kunde-ng2-1\SPA-kunde-ng2-1\app\SPA.js
C:\Users\sondr\OneDrive\Dokumenter\HIOA\WebApp\SPA-kunde-ng2-1\SPA-kunde-ng2-1\SPA-kunde-ng2-1\app\SPA.js.map
C:\Users\sondr\OneDrive\Dokumenter\HIOA\WebApp\SPA-kunde-ng2-1\SPA-kunde-ng2-1\SPA-kunde-ng2-1\app\showQuestions.component.js
C:\Users\sondr\OneDrive\Dokumenter\HIOA\WebApp\SPA-kunde-ng2-1\SPA-kunde-ng2-1\SPA-kunde-ng2-1\app\showQuestions.component.js.map
C:\Users\sondr\OneDrive\Dokumenter\HIOA\WebApp\SPA-kunde-ng2-1\SPA-kunde-ng2-1\SPA-kunde-ng2-1\app\mainSPA.js
C:\Users\sondr\OneDrive\Dokumenter\HIOA\WebApp\SPA-kunde-ng2-1\SPA-kunde-ng2-1\SPA-kunde-ng2-1\app\mainSPA.js.map
C:\Users\sondr\OneDrive\Dokumenter\HIOA\WebApp\SPA-kunde-ng2-1\SPA-kunde-ng2-1\SPA-kunde-ng2-1\app\app.module.js
C:\Users\sondr\OneDrive\Dokumenter\HIOA\WebApp\SPA-kunde-ng2-1\SPA-kunde-ng2-1\SPA-kunde-ng2-1\app\app.module.js.map
C:\Users\sondr\OneDrive\Dokumenter\HIOA\WebApp\SPA-kunde-ng2-1\SPA-kunde-ng2-1\SPA-kunde-ng2-1\app\main.js
C:\Users\sondr\OneDrive\Dokumenter\HIOA\WebApp\SPA-kunde-ng2-1\SPA-kunde-ng2-1\SPA-kunde-ng2-1\app\main.js.map
C:\Users\sondr\OneDrive\Dokumenter\HIOA\WebApp\SPA-kunde-ng2-1\SPA-kunde-ng2-1\SPA-kunde-ng2-1\app\Question.js
C:\Users\sondr\OneDrive\Dokumenter\HIOA\WebApp\SPA-kunde-ng2-1\SPA-kunde-ng2-1\SPA-kunde-ng2-1\app\Question.js.map
C:\Users\sondr\OneDrive\Dokumenter\HIOA\WebApp\SPA-kunde-ng2-1\SPA-kunde-ng2-1\SPA-kunde-ng2-1\app\addQuestion.component.js
C:\Users\sondr\OneDrive\Dokumenter\HIOA\WebApp\SPA-kunde-ng2-1\SPA-kunde-ng2-1\SPA-kunde-ng2-1\app\addQuestion.component.js.map
C:\Users\sondr\OneDrive\Dokumenter\HIOA\WebApp\SPA-kunde-ng2-1\SPA-kunde-ng2-1\SPA-kunde-ng2-1\app\Kunde.js
C:\Users\sondr\OneDrive\Dokumenter\HIOA\WebApp\SPA-kunde-ng2-1\SPA-kunde-ng2-1\SPA-kunde-ng2-1\app\Kunde.js.map
C:\Users\sondr\OneDrive\Dokumenter\HIOA\WebApp\SPA-kunde-ng2-1\SPA-kunde-ng2-1\SPA-kunde-ng2-1\app\TestComponent.js
C:\Users\sondr\OneDrive\Dokumenter\HIOA\WebApp\SPA-kunde-ng2-1\SPA-kunde-ng2-1\SPA-kunde-ng2-1\app\TestComponent.js.map
C:\Users\sondr\OneDrive\Dokumenter\HIOA\WebApp\SPA-kunde-ng2-1\SPA-kunde-ng2-1\SPA-kunde-ng2-1\app\SPA.js
C:\Users\sondr\OneDrive\Dokumenter\HIOA\WebApp\SPA-kunde-ng2-1\SPA-kunde-ng2-1\SPA-kunde-ng2-1\app\SPA.js.map
C:\Users\sondr\OneDrive\Dokumenter\HIOA\WebApp\SPA-kunde-ng2-1\SPA-kunde-ng2-1\SPA-kunde-ng2-1\app\showQuestions.component.js
C:\Users\sondr\OneDrive\Dokumenter\HIOA\WebApp\SPA-kunde-ng2-1\SPA-kunde-ng2-1\SPA-kunde-ng2-1\app\showQuestions.component.js.map
C:\Users\sondr\OneDrive\Dokumenter\HIOA\WebApp\SPA-kunde-ng2-1\SPA-kunde-ng2-1\SPA-kunde-ng2-1\app\mainSPA.js
C:\Users\sondr\OneDrive\Dokumenter\HIOA\WebApp\SPA-kunde-ng2-1\SPA-kunde-ng2-1\SPA-kunde-ng2-1\app\mainSPA.js.map
C:\Users\sondr\OneDrive\Dokumenter\HIOA\WebApp\SPA-kunde-ng2-1\SPA-kunde-ng2-1\SPA-kunde-ng2-1\app\app.module.js
C:\Users\sondr\OneDrive\Dokumenter\HIOA\WebApp\SPA-kunde-ng2-1\SPA-kunde-ng2-1\SPA-kunde-ng2-1\app\app.module.js.map
C:\Users\sondr\OneDrive\Dokumenter\HIOA\WebApp\SPA-kunde-ng2-1\SPA-kunde-ng2-1\SPA-kunde-ng2-1\app\main.js
C:\Users\sondr\OneDrive\Dokumenter\HIOA\WebApp\SPA-kunde-ng2-1\SPA-kunde-ng2-1\SPA-kunde-ng2-1\app\main.js.map
C:\Users\sondr\OneDrive\Dokumenter\HIOA\WebApp\SPA-kunde-ng2-1\SPA-kunde-ng2-1\SPA-kunde-ng2-1\app\Question.js
C:\Users\sondr\OneDrive\Dokumenter\HIOA\WebApp\SPA-kunde-ng2-1\SPA-kunde-ng2-1\SPA-kunde-ng2-1\app\Question.js.map
C:\Users\sondr\OneDrive\Dokumenter\HIOA\WebApp\SPA-kunde-ng2-1\SPA-kunde-ng2-1\SPA-kunde-ng2-1\app\addQuestion.component.js
C:\Users\sondr\OneDrive\Dokumenter\HIOA\WebApp\SPA-kunde-ng2-1\SPA-kunde-ng2-1\SPA-kunde-ng2-1\app\addQuestion.component.js.map
C:\Users\sondr\OneDrive\Dokumenter\HIOA\WebApp\SPA-kunde-ng2-1\SPA-kunde-ng2-1\SPA-kunde-ng2-1\app\Kunde.js
C:\Users\sondr\OneDrive\Dokumenter\HIOA\WebApp\SPA-kunde-ng2-1\SPA-kunde-ng2-1\SPA-kunde-ng2-1\app\Kunde.js.map
C:\Users\sondr\OneDrive\Dokumenter\HIOA\WebApp\SPA-kunde-ng2-1\SPA-kunde-ng2-1\SPA-kunde-ng2-1\app\TestComponent.js
C:\Users\sondr\OneDrive\Dokumenter\HIOA\WebApp\SPA-kunde-ng2-1\SPA-kunde-ng2-1\SPA-kunde-ng2-1\app\TestComponent.js.map
C:\Users\sondr\OneDrive\Dokumenter\HIOA\WebApp\SPA-kunde-ng2-1\SPA-kunde-ng2-1\SPA-kunde-ng2-1\app\SPA.js
C:\Users\sondr\OneDrive\Dokumenter\HIOA\WebApp\SPA-kunde-ng2-1\SPA-kunde-ng2-1\SPA-kunde-ng2-1\app\SPA.js.map
C:\Users\sondr\OneDrive\Dokumenter\HIOA\WebApp\SPA-kunde-ng2-1\SPA-kunde-ng2-1\SPA-kunde-ng2-1\app\showQuestions.component.js
C:\Users\sondr\OneDrive\Dokumenter\HIOA\WebApp\SPA-kunde-ng2-1\SPA-kunde-ng2-1\SPA-kunde-ng2-1\app\showQuestions.component.js.map
C:\Users\sondr\OneDrive\Dokumenter\HIOA\WebApp\SPA-kunde-ng2-1\SPA-kunde-ng2-1\SPA-kunde-ng2-1\app\mainSPA.js
C:\Users\sondr\OneDrive\Dokumenter\HIOA\WebApp\SPA-kunde-ng2-1\SPA-kunde-ng2-1\SPA-kunde-ng2-1\app\mainSPA.js.map
C:\Users\sondr\OneDrive\Dokumenter\HIOA\WebApp\SPA-kunde-ng2-1\SPA-kunde-ng2-1\SPA-kunde-ng2-1\app\app.module.js
C:\Users\sondr\OneDrive\Dokumenter\HIOA\WebApp\SPA-kunde-ng2-1\SPA-kunde-ng2-1\SPA-kunde-ng2-1\app\app.module.js.map
C:\Users\sondr\OneDrive\Dokumenter\HIOA\WebApp\SPA-kunde-ng2-1\SPA-kunde-ng2-1\SPA-kunde-ng2-1\app\main.js
C:\Users\sondr\OneDrive\Dokumenter\HIOA\WebApp\SPA-kunde-ng2-1\SPA-kunde-ng2-1\SPA-kunde-ng2-1\app\main.js.map
C:\Users\sondr\OneDrive\Dokumenter\HIOA\WebApp\SPA-kunde-ng2-1\SPA-kunde-ng2-1\SPA-kunde-ng2-1\app\Question.js
C:\Users\sondr\OneDrive\Dokumenter\HIOA\WebApp\SPA-kunde-ng2-1\SPA-kunde-ng2-1\SPA-kunde-ng2-1\app\Question.js.map
C:\Users\sondr\OneDrive\Dokumenter\HIOA\WebApp\SPA-kunde-ng2-1\SPA-kunde-ng2-1\SPA-kunde-ng2-1\app\addQuestion.component.js
C:\Users\sondr\OneDrive\Dokumenter\HIOA\WebApp\SPA-kunde-ng2-1\SPA-kunde-ng2-1\SPA-kunde-ng2-1\app\addQuestion.component.js.map
C:\Users\sondr\OneDrive\Dokumenter\HIOA\WebApp\SPA-kunde-ng2-1\SPA-kunde-ng2-1\SPA-kunde-ng2-1\app\Kunde.js
C:\Users\sondr\OneDrive\Dokumenter\HIOA\WebApp\SPA-kunde-ng2-1\SPA-kunde-ng2-1\SPA-kunde-ng2-1\app\Kunde.js.map
C:\Users\sondr\OneDrive\Dokumenter\HIOA\WebApp\SPA-kunde-ng2-1\SPA-kunde-ng2-1\SPA-kunde-ng2-1\app\TestComponent.js
C:\Users\sondr\OneDrive\Dokumenter\HIOA\WebApp\SPA-kunde-ng2-1\SPA-kunde-ng2-1\SPA-kunde-ng2-1\app\TestComponent.js.map
C:\Users\sondr\OneDrive\Dokumenter\HIOA\WebApp\SPA-kunde-ng2-1\SPA-kunde-ng2-1\SPA-kunde-ng2-1\app\SPA.js
C:\Users\sondr\OneDrive\Dokumenter\HIOA\WebApp\SPA-kunde-ng2-1\SPA-kunde-ng2-1\SPA-kunde-ng2-1\app\SPA.js.map
C:\Users\sondr\OneDrive\Dokumenter\HIOA\WebApp\SPA-kunde-ng2-1\SPA-kunde-ng2-1\SPA-kunde-ng2-1\app\showQuestions.component.js
C:\Users\sondr\OneDrive\Dokumenter\HIOA\WebApp\SPA-kunde-ng2-1\SPA-kunde-ng2-1\SPA-kunde-ng2-1\app\showQuestions.component.js.map
C:\Users\sondr\OneDrive\Dokumenter\HIOA\WebApp\SPA-kunde-ng2-1\SPA-kunde-ng2-1\SPA-kunde-ng2-1\app\mainSPA.js
C:\Users\sondr\OneDrive\Dokumenter\HIOA\WebApp\SPA-kunde-ng2-1\SPA-kunde-ng2-1\SPA-kunde-ng2-1\app\mainSPA.js.map
C:\Users\sondr\OneDrive\Dokumenter\HIOA\WebApp\SPA-kunde-ng2-1\SPA-kunde-ng2-1\SPA-kunde-ng2-1\app\app.module.js
C:\Users\sondr\OneDrive\Dokumenter\HIOA\WebApp\SPA-kunde-ng2-1\SPA-kunde-ng2-1\SPA-kunde-ng2-1\app\app.module.js.map
C:\Users\sondr\OneDrive\Dokumenter\HIOA\WebApp\SPA-kunde-ng2-1\SPA-kunde-ng2-1\SPA-kunde-ng2-1\app\main.js
C:\Users\sondr\OneDrive\Dokumenter\HIOA\WebApp\SPA-kunde-ng2-1\SPA-kunde-ng2-1\SPA-kunde-ng2-1\app\main.js.map
C:\Users\sondr\OneDrive\Dokumenter\HIOA\WebApp\SPA-kunde-ng2-1\SPA-kunde-ng2-1\SPA-kunde-ng2-1\app\Question.js
C:\Users\sondr\OneDrive\Dokumenter\HIOA\WebApp\SPA-kunde-ng2-1\SPA-kunde-ng2-1\SPA-kunde-ng2-1\app\Question.js.map
C:\Users\sondr\OneDrive\Dokumenter\HIOA\WebApp\SPA-kunde-ng2-1\SPA-kunde-ng2-1\SPA-kunde-ng2-1\app\addQuestion.component.js
C:\Users\sondr\OneDrive\Dokumenter\HIOA\WebApp\SPA-kunde-ng2-1\SPA-kunde-ng2-1\SPA-kunde-ng2-1\app\addQuestion.component.js.map
C:\Users\sondr\OneDrive\Dokumenter\HIOA\WebApp\SPA-kunde-ng2-1\SPA-kunde-ng2-1\SPA-kunde-ng2-1\app\Kunde.js
C:\Users\sondr\OneDrive\Dokumenter\HIOA\WebApp\SPA-kunde-ng2-1\SPA-kunde-ng2-1\SPA-kunde-ng2-1\app\Kunde.js.map
C:\Users\sondr\OneDrive\Dokumenter\HIOA\WebApp\SPA-kunde-ng2-1\SPA-kunde-ng2-1\SPA-kunde-ng2-1\app\TestComponent.js
C:\Users\sondr\OneDrive\Dokumenter\HIOA\WebApp\SPA-kunde-ng2-1\SPA-kunde-ng2-1\SPA-kunde-ng2-1\app\TestComponent.js.map
C:\Users\sondr\OneDrive\Dokumenter\HIOA\WebApp\SPA-kunde-ng2-1\SPA-kunde-ng2-1\SPA-kunde-ng2-1\app\SPA.js
C:\Users\sondr\OneDrive\Dokumenter\HIOA\WebApp\SPA-kunde-ng2-1\SPA-kunde-ng2-1\SPA-kunde-ng2-1\app\SPA.js.map
C:\Users\sondr\OneDrive\Dokumenter\HIOA\WebApp\SPA-kunde-ng2-1\SPA-kunde-ng2-1\SPA-kunde-ng2-1\app\showQuestions.component.js
C:\Users\sondr\OneDrive\Dokumenter\HIOA\WebApp\SPA-kunde-ng2-1\SPA-kunde-ng2-1\SPA-kunde-ng2-1\app\showQuestions.component.js.map
C:\Users\sondr\OneDrive\Dokumenter\HIOA\WebApp\SPA-kunde-ng2-1\SPA-kunde-ng2-1\SPA-kunde-ng2-1\app\mainSPA.js
C:\Users\sondr\OneDrive\Dokumenter\HIOA\WebApp\SPA-kunde-ng2-1\SPA-kunde-ng2-1\SPA-kunde-ng2-1\app\mainSPA.js.map
C:\Users\sondr\OneDrive\Dokumenter\HIOA\WebApp\SPA-kunde-ng2-1\SPA-kunde-ng2-1\SPA-kunde-ng2-1\app\app.module.js
C:\Users\sondr\OneDrive\Dokumenter\HIOA\WebApp\SPA-kunde-ng2-1\SPA-kunde-ng2-1\SPA-kunde-ng2-1\app\app.module.js.map
C:\Users\sondr\OneDrive\Dokumenter\HIOA\WebApp\SPA-kunde-ng2-1\SPA-kunde-ng2-1\SPA-kunde-ng2-1\app\main.js
C:\Users\sondr\OneDrive\Dokumenter\HIOA\WebApp\SPA-kunde-ng2-1\SPA-kunde-ng2-1\SPA-kunde-ng2-1\app\main.js.map
C:\Users\sondr\OneDrive\Dokumenter\HIOA\WebApp\SPA-kunde-ng2-1\SPA-kunde-ng2-1\SPA-kunde-ng2-1\app\Question.js
C:\Users\sondr\OneDrive\Dokumenter\HIOA\WebApp\SPA-kunde-ng2-1\SPA-kunde-ng2-1\SPA-kunde-ng2-1\app\Question.js.map
C:\Users\sondr\OneDrive\Dokumenter\HIOA\WebApp\SPA-kunde-ng2-1\SPA-kunde-ng2-1\SPA-kunde-ng2-1\app\addQuestion.component.js
C:\Users\sondr\OneDrive\Dokumenter\HIOA\WebApp\SPA-kunde-ng2-1\SPA-kunde-ng2-1\SPA-kunde-ng2-1\app\addQuestion.component.js.map
C:\Users\sondr\OneDrive\Dokumenter\HIOA\WebApp\SPA-kunde-ng2-1\SPA-kunde-ng2-1\SPA-kunde-ng2-1\app\Kunde.js
C:\Users\sondr\OneDrive\Dokumenter\HIOA\WebApp\SPA-kunde-ng2-1\SPA-kunde-ng2-1\SPA-kunde-ng2-1\app\Kunde.js.map
C:\Users\sondr\OneDrive\Dokumenter\HIOA\WebApp\SPA-kunde-ng2-1\SPA-kunde-ng2-1\SPA-kunde-ng2-1\app\TestComponent.js
C:\Users\sondr\OneDrive\Dokumenter\HIOA\WebApp\SPA-kunde-ng2-1\SPA-kunde-ng2-1\SPA-kunde-ng2-1\app\TestComponent.js.map
C:\Users\sondr\OneDrive\Dokumenter\HIOA\WebApp\SPA-kunde-ng2-1\SPA-kunde-ng2-1\SPA-kunde-ng2-1\app\SPA.js
C:\Users\sondr\OneDrive\Dokumenter\HIOA\WebApp\SPA-kunde-ng2-1\SPA-kunde-ng2-1\SPA-kunde-ng2-1\app\SPA.js.map
C:\Users\sondr\OneDrive\Dokumenter\HIOA\WebApp\SPA-kunde-ng2-1\SPA-kunde-ng2-1\SPA-kunde-ng2-1\app\showQuestions.component.js
C:\Users\sondr\OneDrive\Dokumenter\HIOA\WebApp\SPA-kunde-ng2-1\SPA-kunde-ng2-1\SPA-kunde-ng2-1\app\showQuestions.component.js.map
C:\Users\sondr\OneDrive\Dokumenter\HIOA\WebApp\SPA-kunde-ng2-1\SPA-kunde-ng2-1\SPA-kunde-ng2-1\app\mainSPA.js
C:\Users\sondr\OneDrive\Dokumenter\HIOA\WebApp\SPA-kunde-ng2-1\SPA-kunde-ng2-1\SPA-kunde-ng2-1\app\mainSPA.js.map
C:\Users\sondr\OneDrive\Dokumenter\HIOA\WebApp\SPA-kunde-ng2-1\SPA-kunde-ng2-1\SPA-kunde-ng2-1\app\search.js
C:\Users\sondr\OneDrive\Dokumenter\HIOA\WebApp\SPA-kunde-ng2-1\SPA-kunde-ng2-1\SPA-kunde-ng2-1\app\search.js.map
C:\Users\sondr\OneDrive\Dokumenter\HIOA\WebApp\SPA-kunde-ng2-1\SPA-kunde-ng2-1\SPA-kunde-ng2-1\app\app.module.js
C:\Users\sondr\OneDrive\Dokumenter\HIOA\WebApp\SPA-kunde-ng2-1\SPA-kunde-ng2-1\SPA-kunde-ng2-1\app\app.module.js.map
C:\Users\sondr\OneDrive\Dokumenter\HIOA\WebApp\SPA-kunde-ng2-1\SPA-kunde-ng2-1\SPA-kunde-ng2-1\app\main.js
C:\Users\sondr\OneDrive\Dokumenter\HIOA\WebApp\SPA-kunde-ng2-1\SPA-kunde-ng2-1\SPA-kunde-ng2-1\app\main.js.map
C:\Users\sondr\OneDrive\Dokumenter\HIOA\WebApp\SPA-kunde-ng2-1\SPA-kunde-ng2-1\SPA-kunde-ng2-1\app\Question.js
C:\Users\sondr\OneDrive\Dokumenter\HIOA\WebApp\SPA-kunde-ng2-1\SPA-kunde-ng2-1\SPA-kunde-ng2-1\app\Question.js.map
C:\Users\sondr\OneDrive\Dokumenter\HIOA\WebApp\SPA-kunde-ng2-1\SPA-kunde-ng2-1\SPA-kunde-ng2-1\app\addQuestion.component.js
C:\Users\sondr\OneDrive\Dokumenter\HIOA\WebApp\SPA-kunde-ng2-1\SPA-kunde-ng2-1\SPA-kunde-ng2-1\app\addQuestion.component.js.map
C:\Users\sondr\OneDrive\Dokumenter\HIOA\WebApp\SPA-kunde-ng2-1\SPA-kunde-ng2-1\SPA-kunde-ng2-1\app\Kunde.js
C:\Users\sondr\OneDrive\Dokumenter\HIOA\WebApp\SPA-kunde-ng2-1\SPA-kunde-ng2-1\SPA-kunde-ng2-1\app\Kunde.js.map
C:\Users\sondr\OneDrive\Dokumenter\HIOA\WebApp\SPA-kunde-ng2-1\SPA-kunde-ng2-1\SPA-kunde-ng2-1\app\TestComponent.js
C:\Users\sondr\OneDrive\Dokumenter\HIOA\WebApp\SPA-kunde-ng2-1\SPA-kunde-ng2-1\SPA-kunde-ng2-1\app\TestComponent.js.map
C:\Users\sondr\OneDrive\Dokumenter\HIOA\WebApp\SPA-kunde-ng2-1\SPA-kunde-ng2-1\SPA-kunde-ng2-1\app\SPA.js
C:\Users\sondr\OneDrive\Dokumenter\HIOA\WebApp\SPA-kunde-ng2-1\SPA-kunde-ng2-1\SPA-kunde-ng2-1\app\SPA.js.map
C:\Users\sondr\OneDrive\Dokumenter\HIOA\WebApp\SPA-kunde-ng2-1\SPA-kunde-ng2-1\SPA-kunde-ng2-1\app\showQuestions.component.js
C:\Users\sondr\OneDrive\Dokumenter\HIOA\WebApp\SPA-kunde-ng2-1\SPA-kunde-ng2-1\SPA-kunde-ng2-1\app\showQuestions.component.js.map
C:\Users\sondr\OneDrive\Dokumenter\HIOA\WebApp\SPA-kunde-ng2-1\SPA-kunde-ng2-1\SPA-kunde-ng2-1\app\mainSPA.js
C:\Users\sondr\OneDrive\Dokumenter\HIOA\WebApp\SPA-kunde-ng2-1\SPA-kunde-ng2-1\SPA-kunde-ng2-1\app\mainSPA.js.map
C:\Users\sondr\OneDrive\Dokumenter\HIOA\WebApp\SPA-kunde-ng2-1\SPA-kunde-ng2-1\SPA-kunde-ng2-1\app\search.js
C:\Users\sondr\OneDrive\Dokumenter\HIOA\WebApp\SPA-kunde-ng2-1\SPA-kunde-ng2-1\SPA-kunde-ng2-1\app\search.js.map
C:\Users\sondr\OneDrive\Dokumenter\HIOA\WebApp\SPA-kunde-ng2-1\SPA-kunde-ng2-1\SPA-kunde-ng2-1\app\app.module.js
C:\Users\sondr\OneDrive\Dokumenter\HIOA\WebApp\SPA-kunde-ng2-1\SPA-kunde-ng2-1\SPA-kunde-ng2-1\app\app.module.js.map
C:\Users\sondr\OneDrive\Dokumenter\HIOA\WebApp\SPA-kunde-ng2-1\SPA-kunde-ng2-1\SPA-kunde-ng2-1\app\main.js
C:\Users\sondr\OneDrive\Dokumenter\HIOA\WebApp\SPA-kunde-ng2-1\SPA-kunde-ng2-1\SPA-kunde-ng2-1\app\main.js.map
C:\Users\sondr\OneDrive\Dokumenter\HIOA\WebApp\SPA-kunde-ng2-1\SPA-kunde-ng2-1\SPA-kunde-ng2-1\app\Question.js
C:\Users\sondr\OneDrive\Dokumenter\HIOA\WebApp\SPA-kunde-ng2-1\SPA-kunde-ng2-1\SPA-kunde-ng2-1\app\Question.js.map
C:\Users\sondr\OneDrive\Dokumenter\HIOA\WebApp\SPA-kunde-ng2-1\SPA-kunde-ng2-1\SPA-kunde-ng2-1\app\addQuestion.component.js
C:\Users\sondr\OneDrive\Dokumenter\HIOA\WebApp\SPA-kunde-ng2-1\SPA-kunde-ng2-1\SPA-kunde-ng2-1\app\addQuestion.component.js.map
C:\Users\sondr\OneDrive\Dokumenter\HIOA\WebApp\SPA-kunde-ng2-1\SPA-kunde-ng2-1\SPA-kunde-ng2-1\app\Kunde.js
C:\Users\sondr\OneDrive\Dokumenter\HIOA\WebApp\SPA-kunde-ng2-1\SPA-kunde-ng2-1\SPA-kunde-ng2-1\app\Kunde.js.map
C:\Users\sondr\OneDrive\Dokumenter\HIOA\WebApp\SPA-kunde-ng2-1\SPA-kunde-ng2-1\SPA-kunde-ng2-1\app\TestComponent.js
C:\Users\sondr\OneDrive\Dokumenter\HIOA\WebApp\SPA-kunde-ng2-1\SPA-kunde-ng2-1\SPA-kunde-ng2-1\app\TestComponent.js.map
C:\Users\sondr\OneDrive\Dokumenter\HIOA\WebApp\SPA-kunde-ng2-1\SPA-kunde-ng2-1\SPA-kunde-ng2-1\app\SPA.js
C:\Users\sondr\OneDrive\Dokumenter\HIOA\WebApp\SPA-kunde-ng2-1\SPA-kunde-ng2-1\SPA-kunde-ng2-1\app\SPA.js.map
C:\Users\sondr\OneDrive\Dokumenter\HIOA\WebApp\SPA-kunde-ng2-1\SPA-kunde-ng2-1\SPA-kunde-ng2-1\app\showQuestions.component.js
C:\Users\sondr\OneDrive\Dokumenter\HIOA\WebApp\SPA-kunde-ng2-1\SPA-kunde-ng2-1\SPA-kunde-ng2-1\app\showQuestions.component.js.map
C:\Users\sondr\OneDrive\Dokumenter\HIOA\WebApp\SPA-kunde-ng2-1\SPA-kunde-ng2-1\SPA-kunde-ng2-1\app\mainSPA.js
C:\Users\sondr\OneDrive\Dokumenter\HIOA\WebApp\SPA-kunde-ng2-1\SPA-kunde-ng2-1\SPA-kunde-ng2-1\app\mainSPA.js.map
C:\Users\sondr\OneDrive\Dokumenter\HIOA\WebApp\SPA-kunde-ng2-1\SPA-kunde-ng2-1\SPA-kunde-ng2-1\app\search.js
C:\Users\sondr\OneDrive\Dokumenter\HIOA\WebApp\SPA-kunde-ng2-1\SPA-kunde-ng2-1\SPA-kunde-ng2-1\app\search.js.map
C:\Users\sondr\OneDrive\Dokumenter\HIOA\WebApp\SPA-kunde-ng2-1\SPA-kunde-ng2-1\SPA-kunde-ng2-1\app\app.module.js
C:\Users\sondr\OneDrive\Dokumenter\HIOA\WebApp\SPA-kunde-ng2-1\SPA-kunde-ng2-1\SPA-kunde-ng2-1\app\app.module.js.map
C:\Users\sondr\OneDrive\Dokumenter\HIOA\WebApp\SPA-kunde-ng2-1\SPA-kunde-ng2-1\SPA-kunde-ng2-1\app\main.js
C:\Users\sondr\OneDrive\Dokumenter\HIOA\WebApp\SPA-kunde-ng2-1\SPA-kunde-ng2-1\SPA-kunde-ng2-1\app\main.js.map
C:\Users\sondr\OneDrive\Dokumenter\HIOA\WebApp\SPA-kunde-ng2-1\SPA-kunde-ng2-1\SPA-kunde-ng2-1\app\Question.js
C:\Users\sondr\OneDrive\Dokumenter\HIOA\WebApp\SPA-kunde-ng2-1\SPA-kunde-ng2-1\SPA-kunde-ng2-1\app\Question.js.map
C:\Users\sondr\OneDrive\Dokumenter\HIOA\WebApp\SPA-kunde-ng2-1\SPA-kunde-ng2-1\SPA-kunde-ng2-1\app\addQuestion.component.js
C:\Users\sondr\OneDrive\Dokumenter\HIOA\WebApp\SPA-kunde-ng2-1\SPA-kunde-ng2-1\SPA-kunde-ng2-1\app\addQuestion.component.js.map
C:\Users\sondr\OneDrive\Dokumenter\HIOA\WebApp\SPA-kunde-ng2-1\SPA-kunde-ng2-1\SPA-kunde-ng2-1\app\Kunde.js
C:\Users\sondr\OneDrive\Dokumenter\HIOA\WebApp\SPA-kunde-ng2-1\SPA-kunde-ng2-1\SPA-kunde-ng2-1\app\Kunde.js.map
C:\Users\sondr\OneDrive\Dokumenter\HIOA\WebApp\SPA-kunde-ng2-1\SPA-kunde-ng2-1\SPA-kunde-ng2-1\app\TestComponent.js
C:\Users\sondr\OneDrive\Dokumenter\HIOA\WebApp\SPA-kunde-ng2-1\SPA-kunde-ng2-1\SPA-kunde-ng2-1\app\TestComponent.js.map
C:\Users\sondr\OneDrive\Dokumenter\HIOA\WebApp\SPA-kunde-ng2-1\SPA-kunde-ng2-1\SPA-kunde-ng2-1\app\SPA.js
C:\Users\sondr\OneDrive\Dokumenter\HIOA\WebApp\SPA-kunde-ng2-1\SPA-kunde-ng2-1\SPA-kunde-ng2-1\app\SPA.js.map
C:\Users\sondr\OneDrive\Dokumenter\HIOA\WebApp\SPA-kunde-ng2-1\SPA-kunde-ng2-1\SPA-kunde-ng2-1\app\showQuestions.component.js
C:\Users\sondr\OneDrive\Dokumenter\HIOA\WebApp\SPA-kunde-ng2-1\SPA-kunde-ng2-1\SPA-kunde-ng2-1\app\showQuestions.component.js.map
C:\Users\sondr\OneDrive\Dokumenter\HIOA\WebApp\SPA-kunde-ng2-1\SPA-kunde-ng2-1\SPA-kunde-ng2-1\app\mainSPA.js
C:\Users\sondr\OneDrive\Dokumenter\HIOA\WebApp\SPA-kunde-ng2-1\SPA-kunde-ng2-1\SPA-kunde-ng2-1\app\mainSPA.js.map
C:\Users\sondr\OneDrive\Dokumenter\HIOA\WebApp\SPA-kunde-ng2-1\SPA-kunde-ng2-1\SPA-kunde-ng2-1\app\search.js
C:\Users\sondr\OneDrive\Dokumenter\HIOA\WebApp\SPA-kunde-ng2-1\SPA-kunde-ng2-1\SPA-kunde-ng2-1\app\search.js.map
C:\Users\sondr\OneDrive\Dokumenter\HIOA\WebApp\SPA-kunde-ng2-1\SPA-kunde-ng2-1\SPA-kunde-ng2-1\app\app.module.js
C:\Users\sondr\OneDrive\Dokumenter\HIOA\WebApp\SPA-kunde-ng2-1\SPA-kunde-ng2-1\SPA-kunde-ng2-1\app\app.module.js.map
C:\Users\sondr\OneDrive\Dokumenter\HIOA\WebApp\SPA-kunde-ng2-1\SPA-kunde-ng2-1\SPA-kunde-ng2-1\app\main.js
C:\Users\sondr\OneDrive\Dokumenter\HIOA\WebApp\SPA-kunde-ng2-1\SPA-kunde-ng2-1\SPA-kunde-ng2-1\app\main.js.map
C:\Users\sondr\OneDrive\Dokumenter\HIOA\WebApp\SPA-kunde-ng2-1\SPA-kunde-ng2-1\SPA-kunde-ng2-1\app\Question.js
C:\Users\sondr\OneDrive\Dokumenter\HIOA\WebApp\SPA-kunde-ng2-1\SPA-kunde-ng2-1\SPA-kunde-ng2-1\app\Question.js.map
C:\Users\sondr\OneDrive\Dokumenter\HIOA\WebApp\SPA-kunde-ng2-1\SPA-kunde-ng2-1\SPA-kunde-ng2-1\app\addQuestion.component.js
C:\Users\sondr\OneDrive\Dokumenter\HIOA\WebApp\SPA-kunde-ng2-1\SPA-kunde-ng2-1\SPA-kunde-ng2-1\app\addQuestion.component.js.map
C:\Users\sondr\OneDrive\Dokumenter\HIOA\WebApp\SPA-kunde-ng2-1\SPA-kunde-ng2-1\SPA-kunde-ng2-1\app\Kunde.js
C:\Users\sondr\OneDrive\Dokumenter\HIOA\WebApp\SPA-kunde-ng2-1\SPA-kunde-ng2-1\SPA-kunde-ng2-1\app\Kunde.js.map
C:\Users\sondr\OneDrive\Dokumenter\HIOA\WebApp\SPA-kunde-ng2-1\SPA-kunde-ng2-1\SPA-kunde-ng2-1\app\TestComponent.js
C:\Users\sondr\OneDrive\Dokumenter\HIOA\WebApp\SPA-kunde-ng2-1\SPA-kunde-ng2-1\SPA-kunde-ng2-1\app\TestComponent.js.map
C:\Users\sondr\OneDrive\Dokumenter\HIOA\WebApp\SPA-kunde-ng2-1\SPA-kunde-ng2-1\SPA-kunde-ng2-1\app\SPA.js
C:\Users\sondr\OneDrive\Dokumenter\HIOA\WebApp\SPA-kunde-ng2-1\SPA-kunde-ng2-1\SPA-kunde-ng2-1\app\SPA.js.map
C:\Users\sondr\OneDrive\Dokumenter\HIOA\WebApp\SPA-kunde-ng2-1\SPA-kunde-ng2-1\SPA-kunde-ng2-1\app\showQuestions.component.js
C:\Users\sondr\OneDrive\Dokumenter\HIOA\WebApp\SPA-kunde-ng2-1\SPA-kunde-ng2-1\SPA-kunde-ng2-1\app\showQuestions.component.js.map
C:\Users\sondr\OneDrive\Dokumenter\HIOA\WebApp\SPA-kunde-ng2-1\SPA-kunde-ng2-1\SPA-kunde-ng2-1\app\mainSPA.js
C:\Users\sondr\OneDrive\Dokumenter\HIOA\WebApp\SPA-kunde-ng2-1\SPA-kunde-ng2-1\SPA-kunde-ng2-1\app\mainSPA.js.map
C:\Users\sondr\OneDrive\Dokumenter\HIOA\WebApp\SPA-kunde-ng2-1\SPA-kunde-ng2-1\SPA-kunde-ng2-1\app\search.js
C:\Users\sondr\OneDrive\Dokumenter\HIOA\WebApp\SPA-kunde-ng2-1\SPA-kunde-ng2-1\SPA-kunde-ng2-1\app\search.js.map
C:\Users\sondr\OneDrive\Dokumenter\HIOA\WebApp\SPA-kunde-ng2-1\SPA-kunde-ng2-1\SPA-kunde-ng2-1\app\app.module.js
C:\Users\sondr\OneDrive\Dokumenter\HIOA\WebApp\SPA-kunde-ng2-1\SPA-kunde-ng2-1\SPA-kunde-ng2-1\app\app.module.js.map
C:\Users\sondr\OneDrive\Dokumenter\HIOA\WebApp\SPA-kunde-ng2-1\SPA-kunde-ng2-1\SPA-kunde-ng2-1\app\main.js
C:\Users\sondr\OneDrive\Dokumenter\HIOA\WebApp\SPA-kunde-ng2-1\SPA-kunde-ng2-1\SPA-kunde-ng2-1\app\main.js.map
C:\Users\sondr\OneDrive\Dokumenter\HIOA\WebApp\SPA-kunde-ng2-1\SPA-kunde-ng2-1\SPA-kunde-ng2-1\app\Question.js
C:\Users\sondr\OneDrive\Dokumenter\HIOA\WebApp\SPA-kunde-ng2-1\SPA-kunde-ng2-1\SPA-kunde-ng2-1\app\Question.js.map
C:\Users\sondr\OneDrive\Dokumenter\HIOA\WebApp\SPA-kunde-ng2-1\SPA-kunde-ng2-1\SPA-kunde-ng2-1\app\addQuestion.component.js
C:\Users\sondr\OneDrive\Dokumenter\HIOA\WebApp\SPA-kunde-ng2-1\SPA-kunde-ng2-1\SPA-kunde-ng2-1\app\addQuestion.component.js.map
C:\Users\sondr\OneDrive\Dokumenter\HIOA\WebApp\SPA-kunde-ng2-1\SPA-kunde-ng2-1\SPA-kunde-ng2-1\app\Kunde.js
C:\Users\sondr\OneDrive\Dokumenter\HIOA\WebApp\SPA-kunde-ng2-1\SPA-kunde-ng2-1\SPA-kunde-ng2-1\app\Kunde.js.map
C:\Users\sondr\OneDrive\Dokumenter\HIOA\WebApp\SPA-kunde-ng2-1\SPA-kunde-ng2-1\SPA-kunde-ng2-1\app\TestComponent.js
C:\Users\sondr\OneDrive\Dokumenter\HIOA\WebApp\SPA-kunde-ng2-1\SPA-kunde-ng2-1\SPA-kunde-ng2-1\app\TestComponent.js.map
C:\Users\sondr\OneDrive\Dokumenter\HIOA\WebApp\SPA-kunde-ng2-1\SPA-kunde-ng2-1\SPA-kunde-ng2-1\app\SPA.js
C:\Users\sondr\OneDrive\Dokumenter\HIOA\WebApp\SPA-kunde-ng2-1\SPA-kunde-ng2-1\SPA-kunde-ng2-1\app\SPA.js.map
C:\Users\sondr\OneDrive\Dokumenter\HIOA\WebApp\SPA-kunde-ng2-1\SPA-kunde-ng2-1\SPA-kunde-ng2-1\app\showQuestions.component.js
C:\Users\sondr\OneDrive\Dokumenter\HIOA\WebApp\SPA-kunde-ng2-1\SPA-kunde-ng2-1\SPA-kunde-ng2-1\app\showQuestions.component.js.map
C:\Users\sondr\OneDrive\Dokumenter\HIOA\WebApp\SPA-kunde-ng2-1\SPA-kunde-ng2-1\SPA-kunde-ng2-1\app\mainSPA.js
C:\Users\sondr\OneDrive\Dokumenter\HIOA\WebApp\SPA-kunde-ng2-1\SPA-kunde-ng2-1\SPA-kunde-ng2-1\app\mainSPA.js.map
C:\Users\sondr\OneDrive\Dokumenter\HIOA\WebApp\SPA-kunde-ng2-1\SPA-kunde-ng2-1\SPA-kunde-ng2-1\app\search.js
C:\Users\sondr\OneDrive\Dokumenter\HIOA\WebApp\SPA-kunde-ng2-1\SPA-kunde-ng2-1\SPA-kunde-ng2-1\app\search.js.map
C:\Users\sondr\OneDrive\Dokumenter\HIOA\WebApp\SPA-kunde-ng2-1\SPA-kunde-ng2-1\SPA-kunde-ng2-1\app\app.module.js
C:\Users\sondr\OneDrive\Dokumenter\HIOA\WebApp\SPA-kunde-ng2-1\SPA-kunde-ng2-1\SPA-kunde-ng2-1\app\app.module.js.map
C:\Users\sondr\OneDrive\Dokumenter\HIOA\WebApp\SPA-kunde-ng2-1\SPA-kunde-ng2-1\SPA-kunde-ng2-1\app\main.js
C:\Users\sondr\OneDrive\Dokumenter\HIOA\WebApp\SPA-kunde-ng2-1\SPA-kunde-ng2-1\SPA-kunde-ng2-1\app\main.js.map
C:\Users\sondr\OneDrive\Dokumenter\HIOA\WebApp\SPA-kunde-ng2-1\SPA-kunde-ng2-1\SPA-kunde-ng2-1\app\Question.js
C:\Users\sondr\OneDrive\Dokumenter\HIOA\WebApp\SPA-kunde-ng2-1\SPA-kunde-ng2-1\SPA-kunde-ng2-1\app\Question.js.map
C:\Users\sondr\OneDrive\Dokumenter\HIOA\WebApp\SPA-kunde-ng2-1\SPA-kunde-ng2-1\SPA-kunde-ng2-1\app\addQuestion.component.js
C:\Users\sondr\OneDrive\Dokumenter\HIOA\WebApp\SPA-kunde-ng2-1\SPA-kunde-ng2-1\SPA-kunde-ng2-1\app\addQuestion.component.js.map
C:\Users\sondr\OneDrive\Dokumenter\HIOA\WebApp\SPA-kunde-ng2-1\SPA-kunde-ng2-1\SPA-kunde-ng2-1\app\Kunde.js
C:\Users\sondr\OneDrive\Dokumenter\HIOA\WebApp\SPA-kunde-ng2-1\SPA-kunde-ng2-1\SPA-kunde-ng2-1\app\Kunde.js.map
C:\Users\sondr\OneDrive\Dokumenter\HIOA\WebApp\SPA-kunde-ng2-1\SPA-kunde-ng2-1\SPA-kunde-ng2-1\app\TestComponent.js
C:\Users\sondr\OneDrive\Dokumenter\HIOA\WebApp\SPA-kunde-ng2-1\SPA-kunde-ng2-1\SPA-kunde-ng2-1\app\TestComponent.js.map
C:\Users\sondr\OneDrive\Dokumenter\HIOA\WebApp\SPA-kunde-ng2-1\SPA-kunde-ng2-1\SPA-kunde-ng2-1\app\SPA.js
C:\Users\sondr\OneDrive\Dokumenter\HIOA\WebApp\SPA-kunde-ng2-1\SPA-kunde-ng2-1\SPA-kunde-ng2-1\app\SPA.js.map
C:\Users\sondr\OneDrive\Dokumenter\HIOA\WebApp\SPA-kunde-ng2-1\SPA-kunde-ng2-1\SPA-kunde-ng2-1\app\showQuestions.component.js
C:\Users\sondr\OneDrive\Dokumenter\HIOA\WebApp\SPA-kunde-ng2-1\SPA-kunde-ng2-1\SPA-kunde-ng2-1\app\showQuestions.component.js.map
C:\Users\sondr\OneDrive\Dokumenter\HIOA\WebApp\SPA-kunde-ng2-1\SPA-kunde-ng2-1\SPA-kunde-ng2-1\app\mainSPA.js
C:\Users\sondr\OneDrive\Dokumenter\HIOA\WebApp\SPA-kunde-ng2-1\SPA-kunde-ng2-1\SPA-kunde-ng2-1\app\mainSPA.js.map
C:\Users\sondr\OneDrive\Dokumenter\HIOA\WebApp\SPA-kunde-ng2-1\SPA-kunde-ng2-1\SPA-kunde-ng2-1\app\search.js
C:\Users\sondr\OneDrive\Dokumenter\HIOA\WebApp\SPA-kunde-ng2-1\SPA-kunde-ng2-1\SPA-kunde-ng2-1\app\search.js.map
C:\Users\sondr\OneDrive\Dokumenter\HIOA\WebApp\SPA-kunde-ng2-1\SPA-kunde-ng2-1\SPA-kunde-ng2-1\app\app.module.js
C:\Users\sondr\OneDrive\Dokumenter\HIOA\WebApp\SPA-kunde-ng2-1\SPA-kunde-ng2-1\SPA-kunde-ng2-1\app\app.module.js.map
C:\Users\sondr\OneDrive\Dokumenter\HIOA\WebApp\SPA-kunde-ng2-1\SPA-kunde-ng2-1\SPA-kunde-ng2-1\app\main.js
C:\Users\sondr\OneDrive\Dokumenter\HIOA\WebApp\SPA-kunde-ng2-1\SPA-kunde-ng2-1\SPA-kunde-ng2-1\app\main.js.map
C:\Users\sondr\OneDrive\Dokumenter\HIOA\WebApp\SPA-kunde-ng2-1\SPA-kunde-ng2-1\SPA-kunde-ng2-1\app\showCustomerQuestions.componet.js
C:\Users\sondr\OneDrive\Dokumenter\HIOA\WebApp\SPA-kunde-ng2-1\SPA-kunde-ng2-1\SPA-kunde-ng2-1\app\showCustomerQuestions.componet.js.map
C:\Users\sondr\OneDrive\Dokumenter\HIOA\WebApp\SPA-kunde-ng2-1\SPA-kunde-ng2-1\SPA-kunde-ng2-1\app\Question.js
C:\Users\sondr\OneDrive\Dokumenter\HIOA\WebApp\SPA-kunde-ng2-1\SPA-kunde-ng2-1\SPA-kunde-ng2-1\app\Question.js.map
C:\Users\sondr\OneDrive\Dokumenter\HIOA\WebApp\SPA-kunde-ng2-1\SPA-kunde-ng2-1\SPA-kunde-ng2-1\app\addQuestion.component.js
C:\Users\sondr\OneDrive\Dokumenter\HIOA\WebApp\SPA-kunde-ng2-1\SPA-kunde-ng2-1\SPA-kunde-ng2-1\app\addQuestion.component.js.map
C:\Users\sondr\OneDrive\Dokumenter\HIOA\WebApp\SPA-kunde-ng2-1\SPA-kunde-ng2-1\SPA-kunde-ng2-1\app\Kunde.js
C:\Users\sondr\OneDrive\Dokumenter\HIOA\WebApp\SPA-kunde-ng2-1\SPA-kunde-ng2-1\SPA-kunde-ng2-1\app\Kunde.js.map
C:\Users\sondr\OneDrive\Dokumenter\HIOA\WebApp\SPA-kunde-ng2-1\SPA-kunde-ng2-1\SPA-kunde-ng2-1\app\TestComponent.js
C:\Users\sondr\OneDrive\Dokumenter\HIOA\WebApp\SPA-kunde-ng2-1\SPA-kunde-ng2-1\SPA-kunde-ng2-1\app\TestComponent.js.map
C:\Users\sondr\OneDrive\Dokumenter\HIOA\WebApp\SPA-kunde-ng2-1\SPA-kunde-ng2-1\SPA-kunde-ng2-1\app\SPA.js
C:\Users\sondr\OneDrive\Dokumenter\HIOA\WebApp\SPA-kunde-ng2-1\SPA-kunde-ng2-1\SPA-kunde-ng2-1\app\SPA.js.map
C:\Users\sondr\OneDrive\Dokumenter\HIOA\WebApp\SPA-kunde-ng2-1\SPA-kunde-ng2-1\SPA-kunde-ng2-1\app\showQuestions.component.js
C:\Users\sondr\OneDrive\Dokumenter\HIOA\WebApp\SPA-kunde-ng2-1\SPA-kunde-ng2-1\SPA-kunde-ng2-1\app\showQuestions.component.js.map
C:\Users\sondr\OneDrive\Dokumenter\HIOA\WebApp\SPA-kunde-ng2-1\SPA-kunde-ng2-1\SPA-kunde-ng2-1\app\mainSPA.js
C:\Users\sondr\OneDrive\Dokumenter\HIOA\WebApp\SPA-kunde-ng2-1\SPA-kunde-ng2-1\SPA-kunde-ng2-1\app\mainSPA.js.map
C:\Users\sondr\OneDrive\Dokumenter\HIOA\WebApp\SPA-kunde-ng2-1\SPA-kunde-ng2-1\SPA-kunde-ng2-1\app\search.js
C:\Users\sondr\OneDrive\Dokumenter\HIOA\WebApp\SPA-kunde-ng2-1\SPA-kunde-ng2-1\SPA-kunde-ng2-1\app\search.js.map
C:\Users\sondr\OneDrive\Dokumenter\HIOA\WebApp\SPA-kunde-ng2-1\SPA-kunde-ng2-1\SPA-kunde-ng2-1\app\app.module.js
C:\Users\sondr\OneDrive\Dokumenter\HIOA\WebApp\SPA-kunde-ng2-1\SPA-kunde-ng2-1\SPA-kunde-ng2-1\app\app.module.js.map
C:\Users\sondr\OneDrive\Dokumenter\HIOA\WebApp\SPA-kunde-ng2-1\SPA-kunde-ng2-1\SPA-kunde-ng2-1\app\main.js
C:\Users\sondr\OneDrive\Dokumenter\HIOA\WebApp\SPA-kunde-ng2-1\SPA-kunde-ng2-1\SPA-kunde-ng2-1\app\main.js.map
C:\Users\sondr\OneDrive\Dokumenter\HIOA\WebApp\SPA-kunde-ng2-1\SPA-kunde-ng2-1\SPA-kunde-ng2-1\app\showCustomerQuestions.componet.js
C:\Users\sondr\OneDrive\Dokumenter\HIOA\WebApp\SPA-kunde-ng2-1\SPA-kunde-ng2-1\SPA-kunde-ng2-1\app\showCustomerQuestions.componet.js.map
C:\Users\sondr\OneDrive\Dokumenter\HIOA\WebApp\SPA-kunde-ng2-1\SPA-kunde-ng2-1\SPA-kunde-ng2-1\app\Question.js
C:\Users\sondr\OneDrive\Dokumenter\HIOA\WebApp\SPA-kunde-ng2-1\SPA-kunde-ng2-1\SPA-kunde-ng2-1\app\Question.js.map
C:\Users\sondr\OneDrive\Dokumenter\HIOA\WebApp\SPA-kunde-ng2-1\SPA-kunde-ng2-1\SPA-kunde-ng2-1\app\addQuestion.component.js
C:\Users\sondr\OneDrive\Dokumenter\HIOA\WebApp\SPA-kunde-ng2-1\SPA-kunde-ng2-1\SPA-kunde-ng2-1\app\addQuestion.component.js.map
C:\Users\sondr\OneDrive\Dokumenter\HIOA\WebApp\SPA-kunde-ng2-1\SPA-kunde-ng2-1\SPA-kunde-ng2-1\app\Kunde.js
C:\Users\sondr\OneDrive\Dokumenter\HIOA\WebApp\SPA-kunde-ng2-1\SPA-kunde-ng2-1\SPA-kunde-ng2-1\app\Kunde.js.map
C:\Users\sondr\OneDrive\Dokumenter\HIOA\WebApp\SPA-kunde-ng2-1\SPA-kunde-ng2-1\SPA-kunde-ng2-1\app\TestComponent.js
C:\Users\sondr\OneDrive\Dokumenter\HIOA\WebApp\SPA-kunde-ng2-1\SPA-kunde-ng2-1\SPA-kunde-ng2-1\app\TestComponent.js.map
C:\Users\sondr\OneDrive\Dokumenter\HIOA\WebApp\SPA-kunde-ng2-1\SPA-kunde-ng2-1\SPA-kunde-ng2-1\app\SPA.js
C:\Users\sondr\OneDrive\Dokumenter\HIOA\WebApp\SPA-kunde-ng2-1\SPA-kunde-ng2-1\SPA-kunde-ng2-1\app\SPA.js.map
C:\Users\sondr\OneDrive\Dokumenter\HIOA\WebApp\SPA-kunde-ng2-1\SPA-kunde-ng2-1\SPA-kunde-ng2-1\app\showQuestions.component.js
C:\Users\sondr\OneDrive\Dokumenter\HIOA\WebApp\SPA-kunde-ng2-1\SPA-kunde-ng2-1\SPA-kunde-ng2-1\app\showQuestions.component.js.map
C:\Users\sondr\OneDrive\Dokumenter\HIOA\WebApp\SPA-kunde-ng2-1\SPA-kunde-ng2-1\SPA-kunde-ng2-1\app\showCustomerQuestions.componet.js
C:\Users\sondr\OneDrive\Dokumenter\HIOA\WebApp\SPA-kunde-ng2-1\SPA-kunde-ng2-1\SPA-kunde-ng2-1\app\showCustomerQuestions.componet.js.map
C:\Users\sondr\OneDrive\Dokumenter\HIOA\WebApp\SPA-kunde-ng2-1\SPA-kunde-ng2-1\SPA-kunde-ng2-1\app\mainSPA.js
C:\Users\sondr\OneDrive\Dokumenter\HIOA\WebApp\SPA-kunde-ng2-1\SPA-kunde-ng2-1\SPA-kunde-ng2-1\app\mainSPA.js.map
C:\Users\sondr\OneDrive\Dokumenter\HIOA\WebApp\SPA-kunde-ng2-1\SPA-kunde-ng2-1\SPA-kunde-ng2-1\app\search.js
C:\Users\sondr\OneDrive\Dokumenter\HIOA\WebApp\SPA-kunde-ng2-1\SPA-kunde-ng2-1\SPA-kunde-ng2-1\app\search.js.map
C:\Users\sondr\OneDrive\Dokumenter\HIOA\WebApp\SPA-kunde-ng2-1\SPA-kunde-ng2-1\SPA-kunde-ng2-1\app\app.module.js
C:\Users\sondr\OneDrive\Dokumenter\HIOA\WebApp\SPA-kunde-ng2-1\SPA-kunde-ng2-1\SPA-kunde-ng2-1\app\app.module.js.map
C:\Users\sondr\OneDrive\Dokumenter\HIOA\WebApp\SPA-kunde-ng2-1\SPA-kunde-ng2-1\SPA-kunde-ng2-1\app\main.js
C:\Users\sondr\OneDrive\Dokumenter\HIOA\WebApp\SPA-kunde-ng2-1\SPA-kunde-ng2-1\SPA-kunde-ng2-1\app\main.js.map
C:\Users\sondr\OneDrive\Dokumenter\HIOA\WebApp\SPA-kunde-ng2-1\SPA-kunde-ng2-1\SPA-kunde-ng2-1\app\Question.js
C:\Users\sondr\OneDrive\Dokumenter\HIOA\WebApp\SPA-kunde-ng2-1\SPA-kunde-ng2-1\SPA-kunde-ng2-1\app\Question.js.map
C:\Users\sondr\OneDrive\Dokumenter\HIOA\WebApp\SPA-kunde-ng2-1\SPA-kunde-ng2-1\SPA-kunde-ng2-1\app\addQuestion.component.js
C:\Users\sondr\OneDrive\Dokumenter\HIOA\WebApp\SPA-kunde-ng2-1\SPA-kunde-ng2-1\SPA-kunde-ng2-1\app\addQuestion.component.js.map
C:\Users\sondr\OneDrive\Dokumenter\HIOA\WebApp\SPA-kunde-ng2-1\SPA-kunde-ng2-1\SPA-kunde-ng2-1\app\Kunde.js
C:\Users\sondr\OneDrive\Dokumenter\HIOA\WebApp\SPA-kunde-ng2-1\SPA-kunde-ng2-1\SPA-kunde-ng2-1\app\Kunde.js.map
C:\Users\sondr\OneDrive\Dokumenter\HIOA\WebApp\SPA-kunde-ng2-1\SPA-kunde-ng2-1\SPA-kunde-ng2-1\app\TestComponent.js
C:\Users\sondr\OneDrive\Dokumenter\HIOA\WebApp\SPA-kunde-ng2-1\SPA-kunde-ng2-1\SPA-kunde-ng2-1\app\TestComponent.js.map
C:\Users\sondr\OneDrive\Dokumenter\HIOA\WebApp\SPA-kunde-ng2-1\SPA-kunde-ng2-1\SPA-kunde-ng2-1\app\SPA.js
C:\Users\sondr\OneDrive\Dokumenter\HIOA\WebApp\SPA-kunde-ng2-1\SPA-kunde-ng2-1\SPA-kunde-ng2-1\app\SPA.js.map
C:\Users\sondr\OneDrive\Dokumenter\HIOA\WebApp\SPA-kunde-ng2-1\SPA-kunde-ng2-1\SPA-kunde-ng2-1\app\showQuestions.component.js
C:\Users\sondr\OneDrive\Dokumenter\HIOA\WebApp\SPA-kunde-ng2-1\SPA-kunde-ng2-1\SPA-kunde-ng2-1\app\showQuestions.component.js.map
C:\Users\sondr\OneDrive\Dokumenter\HIOA\WebApp\SPA-kunde-ng2-1\SPA-kunde-ng2-1\SPA-kunde-ng2-1\app\showCustomerQuestions.componet.js
C:\Users\sondr\OneDrive\Dokumenter\HIOA\WebApp\SPA-kunde-ng2-1\SPA-kunde-ng2-1\SPA-kunde-ng2-1\app\showCustomerQuestions.componet.js.map
C:\Users\sondr\OneDrive\Dokumenter\HIOA\WebApp\SPA-kunde-ng2-1\SPA-kunde-ng2-1\SPA-kunde-ng2-1\app\mainSPA.js
C:\Users\sondr\OneDrive\Dokumenter\HIOA\WebApp\SPA-kunde-ng2-1\SPA-kunde-ng2-1\SPA-kunde-ng2-1\app\mainSPA.js.map
C:\Users\sondr\OneDrive\Dokumenter\HIOA\WebApp\SPA-kunde-ng2-1\SPA-kunde-ng2-1\SPA-kunde-ng2-1\app\search.js
C:\Users\sondr\OneDrive\Dokumenter\HIOA\WebApp\SPA-kunde-ng2-1\SPA-kunde-ng2-1\SPA-kunde-ng2-1\app\search.js.map
C:\Users\sondr\OneDrive\Dokumenter\HIOA\WebApp\SPA-kunde-ng2-1\SPA-kunde-ng2-1\SPA-kunde-ng2-1\app\app.module.js
C:\Users\sondr\OneDrive\Dokumenter\HIOA\WebApp\SPA-kunde-ng2-1\SPA-kunde-ng2-1\SPA-kunde-ng2-1\app\app.module.js.map
C:\Users\sondr\OneDrive\Dokumenter\HIOA\WebApp\SPA-kunde-ng2-1\SPA-kunde-ng2-1\SPA-kunde-ng2-1\app\main.js
C:\Users\sondr\OneDrive\Dokumenter\HIOA\WebApp\SPA-kunde-ng2-1\SPA-kunde-ng2-1\SPA-kunde-ng2-1\app\main.js.map
C:\Users\sondr\OneDrive\Dokumenter\HIOA\WebApp\SPA-kunde-ng2-1\SPA-kunde-ng2-1\SPA-kunde-ng2-1\app\Question.js
C:\Users\sondr\OneDrive\Dokumenter\HIOA\WebApp\SPA-kunde-ng2-1\SPA-kunde-ng2-1\SPA-kunde-ng2-1\app\Question.js.map
C:\Users\sondr\OneDrive\Dokumenter\HIOA\WebApp\SPA-kunde-ng2-1\SPA-kunde-ng2-1\SPA-kunde-ng2-1\app\addQuestion.component.js
C:\Users\sondr\OneDrive\Dokumenter\HIOA\WebApp\SPA-kunde-ng2-1\SPA-kunde-ng2-1\SPA-kunde-ng2-1\app\addQuestion.component.js.map
C:\Users\sondr\OneDrive\Dokumenter\HIOA\WebApp\SPA-kunde-ng2-1\SPA-kunde-ng2-1\SPA-kunde-ng2-1\app\Kunde.js
C:\Users\sondr\OneDrive\Dokumenter\HIOA\WebApp\SPA-kunde-ng2-1\SPA-kunde-ng2-1\SPA-kunde-ng2-1\app\Kunde.js.map
C:\Users\sondr\OneDrive\Dokumenter\HIOA\WebApp\SPA-kunde-ng2-1\SPA-kunde-ng2-1\SPA-kunde-ng2-1\app\TestComponent.js
C:\Users\sondr\OneDrive\Dokumenter\HIOA\WebApp\SPA-kunde-ng2-1\SPA-kunde-ng2-1\SPA-kunde-ng2-1\app\TestComponent.js.map
C:\Users\sondr\OneDrive\Dokumenter\HIOA\WebApp\SPA-kunde-ng2-1\SPA-kunde-ng2-1\SPA-kunde-ng2-1\app\SPA.js
C:\Users\sondr\OneDrive\Dokumenter\HIOA\WebApp\SPA-kunde-ng2-1\SPA-kunde-ng2-1\SPA-kunde-ng2-1\app\SPA.js.map
C:\Users\sondr\OneDrive\Dokumenter\HIOA\WebApp\SPA-kunde-ng2-1\SPA-kunde-ng2-1\SPA-kunde-ng2-1\app\showQuestions.component.js
C:\Users\sondr\OneDrive\Dokumenter\HIOA\WebApp\SPA-kunde-ng2-1\SPA-kunde-ng2-1\SPA-kunde-ng2-1\app\showQuestions.component.js.map
C:\Users\sondr\OneDrive\Dokumenter\HIOA\WebApp\SPA-kunde-ng2-1\SPA-kunde-ng2-1\SPA-kunde-ng2-1\app\showCustomerQuestions.componet.js
C:\Users\sondr\OneDrive\Dokumenter\HIOA\WebApp\SPA-kunde-ng2-1\SPA-kunde-ng2-1\SPA-kunde-ng2-1\app\showCustomerQuestions.componet.js.map
C:\Users\sondr\OneDrive\Dokumenter\HIOA\WebApp\SPA-kunde-ng2-1\SPA-kunde-ng2-1\SPA-kunde-ng2-1\app\mainSPA.js
C:\Users\sondr\OneDrive\Dokumenter\HIOA\WebApp\SPA-kunde-ng2-1\SPA-kunde-ng2-1\SPA-kunde-ng2-1\app\mainSPA.js.map
C:\Users\sondr\OneDrive\Dokumenter\HIOA\WebApp\SPA-kunde-ng2-1\SPA-kunde-ng2-1\SPA-kunde-ng2-1\app\search.js
C:\Users\sondr\OneDrive\Dokumenter\HIOA\WebApp\SPA-kunde-ng2-1\SPA-kunde-ng2-1\SPA-kunde-ng2-1\app\search.js.map
C:\Users\sondr\OneDrive\Dokumenter\HIOA\WebApp\SPA-kunde-ng2-1\SPA-kunde-ng2-1\SPA-kunde-ng2-1\app\app.module.js
C:\Users\sondr\OneDrive\Dokumenter\HIOA\WebApp\SPA-kunde-ng2-1\SPA-kunde-ng2-1\SPA-kunde-ng2-1\app\app.module.js.map
C:\Users\sondr\OneDrive\Dokumenter\HIOA\WebApp\SPA-kunde-ng2-1\SPA-kunde-ng2-1\SPA-kunde-ng2-1\app\main.js
C:\Users\sondr\OneDrive\Dokumenter\HIOA\WebApp\SPA-kunde-ng2-1\SPA-kunde-ng2-1\SPA-kunde-ng2-1\app\main.js.map
C:\Users\sondr\OneDrive\Dokumenter\HIOA\WebApp\SPA-kunde-ng2-1\SPA-kunde-ng2-1\SPA-kunde-ng2-1\app\Question.js
C:\Users\sondr\OneDrive\Dokumenter\HIOA\WebApp\SPA-kunde-ng2-1\SPA-kunde-ng2-1\SPA-kunde-ng2-1\app\Question.js.map
C:\Users\sondr\OneDrive\Dokumenter\HIOA\WebApp\SPA-kunde-ng2-1\SPA-kunde-ng2-1\SPA-kunde-ng2-1\app\addQuestion.component.js
C:\Users\sondr\OneDrive\Dokumenter\HIOA\WebApp\SPA-kunde-ng2-1\SPA-kunde-ng2-1\SPA-kunde-ng2-1\app\addQuestion.component.js.map
C:\Users\sondr\OneDrive\Dokumenter\HIOA\WebApp\SPA-kunde-ng2-1\SPA-kunde-ng2-1\SPA-kunde-ng2-1\app\Kunde.js
C:\Users\sondr\OneDrive\Dokumenter\HIOA\WebApp\SPA-kunde-ng2-1\SPA-kunde-ng2-1\SPA-kunde-ng2-1\app\Kunde.js.map
C:\Users\sondr\OneDrive\Dokumenter\HIOA\WebApp\SPA-kunde-ng2-1\SPA-kunde-ng2-1\SPA-kunde-ng2-1\app\TestComponent.js
C:\Users\sondr\OneDrive\Dokumenter\HIOA\WebApp\SPA-kunde-ng2-1\SPA-kunde-ng2-1\SPA-kunde-ng2-1\app\TestComponent.js.map
C:\Users\sondr\OneDrive\Dokumenter\HIOA\WebApp\SPA-kunde-ng2-1\SPA-kunde-ng2-1\SPA-kunde-ng2-1\app\SPA.js
C:\Users\sondr\OneDrive\Dokumenter\HIOA\WebApp\SPA-kunde-ng2-1\SPA-kunde-ng2-1\SPA-kunde-ng2-1\app\SPA.js.map
C:\Users\sondr\OneDrive\Dokumenter\HIOA\WebApp\SPA-kunde-ng2-1\SPA-kunde-ng2-1\SPA-kunde-ng2-1\app\showQuestions.component.js
C:\Users\sondr\OneDrive\Dokumenter\HIOA\WebApp\SPA-kunde-ng2-1\SPA-kunde-ng2-1\SPA-kunde-ng2-1\app\showQuestions.component.js.map
C:\Users\sondr\OneDrive\Dokumenter\HIOA\WebApp\SPA-kunde-ng2-1\SPA-kunde-ng2-1\SPA-kunde-ng2-1\app\showCustomerQuestions.componet.js
C:\Users\sondr\OneDrive\Dokumenter\HIOA\WebApp\SPA-kunde-ng2-1\SPA-kunde-ng2-1\SPA-kunde-ng2-1\app\showCustomerQuestions.componet.js.map
C:\Users\sondr\OneDrive\Dokumenter\HIOA\WebApp\SPA-kunde-ng2-1\SPA-kunde-ng2-1\SPA-kunde-ng2-1\app\mainSPA.js
C:\Users\sondr\OneDrive\Dokumenter\HIOA\WebApp\SPA-kunde-ng2-1\SPA-kunde-ng2-1\SPA-kunde-ng2-1\app\mainSPA.js.map
C:\Users\sondr\OneDrive\Dokumenter\HIOA\WebApp\SPA-kunde-ng2-1\SPA-kunde-ng2-1\SPA-kunde-ng2-1\app\search.js
C:\Users\sondr\OneDrive\Dokumenter\HIOA\WebApp\SPA-kunde-ng2-1\SPA-kunde-ng2-1\SPA-kunde-ng2-1\app\search.js.map
C:\Users\sondr\OneDrive\Dokumenter\HIOA\WebApp\SPA-kunde-ng2-1\SPA-kunde-ng2-1\SPA-kunde-ng2-1\app\app.module.js
C:\Users\sondr\OneDrive\Dokumenter\HIOA\WebApp\SPA-kunde-ng2-1\SPA-kunde-ng2-1\SPA-kunde-ng2-1\app\app.module.js.map
C:\Users\sondr\OneDrive\Dokumenter\HIOA\WebApp\SPA-kunde-ng2-1\SPA-kunde-ng2-1\SPA-kunde-ng2-1\app\main.js
C:\Users\sondr\OneDrive\Dokumenter\HIOA\WebApp\SPA-kunde-ng2-1\SPA-kunde-ng2-1\SPA-kunde-ng2-1\app\main.js.map
